| distributed init (rank 0): env://, gpu 0
| distributed init (rank 2): env://, gpu 2
| distributed init (rank 5): env://, gpu 5
| distributed init (rank 4): env://, gpu 4
| distributed init (rank 1): env://, gpu 1
| distributed init (rank 6): env://, gpu 6
| distributed init (rank 7): env://, gpu 7
| distributed init (rank 3): env://, gpu 3
Namespace(audio_file_cap=15, audio_path=PosixPath('/grand/projects/BirdAudio/Morton_Arboretum/audio/set3/00004879'), batch_size=2048, bottleneck_dim=10, crop_mode='third_quarter', device='cuda', dist_backend='nccl', dist_url='env://', epochs=2000, exp_dir=PosixPath('exp'), gpu=0, local_rank=0, log_frequency=10, lr=0.0001, num_samples=22050, num_workers=10, prune_anomalies=True, prune_frequency=50, rank=0, resume=True, sample_rate=22050, wd=1e-07, world_size=8)
Using 15 audio file(s)
Loaded 15 audio file(s)
Number of samples:  321240
Using 8 GPUs
Tensorboard logging at theta_run_birds/lr0.0001_wd1e-07_bs2048_epochs2000
Epoch:  1/2000, Time: 0:00:00.000011
Epoch:  2/2000, Time: 0:00:07.515698
Epoch:  3/2000, Time: 0:00:13.880934
Epoch:  4/2000, Time: 0:00:20.283755
Epoch:  5/2000, Time: 0:00:26.858357
Epoch:  6/2000, Time: 0:00:33.304656
Epoch:  7/2000, Time: 0:00:39.363755
Epoch:  8/2000, Time: 0:00:45.718942
Epoch:  9/2000, Time: 0:00:52.021540
Epoch:  10/2000, Time: 0:00:58.272720
Loss:  32.193084716796875
Epoch:  11/2000, Time: 0:01:04.862892
Epoch:  12/2000, Time: 0:01:11.029442
Epoch:  13/2000, Time: 0:01:17.756658
Epoch:  14/2000, Time: 0:01:24.591432
Epoch:  15/2000, Time: 0:01:30.991994
Epoch:  16/2000, Time: 0:01:37.225285
Epoch:  17/2000, Time: 0:01:43.628397
Epoch:  18/2000, Time: 0:01:50.075804
Epoch:  19/2000, Time: 0:01:56.126184
Epoch:  20/2000, Time: 0:02:02.472495
Loss:  22.671329498291016
Epoch:  21/2000, Time: 0:02:08.708043
Epoch:  22/2000, Time: 0:02:14.918486
Epoch:  23/2000, Time: 0:02:21.108211
Epoch:  24/2000, Time: 0:02:27.737472
Epoch:  25/2000, Time: 0:02:34.288673
Epoch:  26/2000, Time: 0:02:40.533198
Epoch:  27/2000, Time: 0:02:47.038503
Epoch:  28/2000, Time: 0:02:53.787996
Epoch:  29/2000, Time: 0:03:00.259526
Epoch:  30/2000, Time: 0:03:07.081632
Loss:  18.970273971557617
Epoch:  31/2000, Time: 0:03:13.511101
Epoch:  32/2000, Time: 0:03:20.095553
Epoch:  33/2000, Time: 0:03:26.537611
Epoch:  34/2000, Time: 0:03:32.889325
Epoch:  35/2000, Time: 0:03:39.449809
Epoch:  36/2000, Time: 0:03:45.762546
Epoch:  37/2000, Time: 0:03:52.190647
Epoch:  38/2000, Time: 0:03:58.919984
Epoch:  39/2000, Time: 0:04:05.278803
Epoch:  40/2000, Time: 0:04:11.702320
Loss:  17.546142578125
Epoch:  41/2000, Time: 0:04:18.275583
Epoch:  42/2000, Time: 0:04:24.557953
Epoch:  43/2000, Time: 0:04:30.834168
Epoch:  44/2000, Time: 0:04:37.476684
Epoch:  45/2000, Time: 0:04:44.036903
Epoch:  46/2000, Time: 0:04:50.349469
Epoch:  47/2000, Time: 0:04:56.517725
Epoch:  48/2000, Time: 0:05:03.128624
Epoch:  49/2000, Time: 0:05:09.629444
Epoch:  50/2000, Time: 0:05:16.311126
Pruning anomalies!
Pruned 127 samples...
Number of samples:  321120
Loss:  19.287961959838867
Epoch:  51/2000, Time: 0:06:34.827676
Epoch:  52/2000, Time: 0:06:41.227146
Epoch:  53/2000, Time: 0:06:47.961301
Epoch:  54/2000, Time: 0:06:54.600493
Epoch:  55/2000, Time: 0:07:01.300880
Epoch:  56/2000, Time: 0:07:08.010246
Epoch:  57/2000, Time: 0:07:14.846695
Epoch:  58/2000, Time: 0:07:21.481407
Epoch:  59/2000, Time: 0:07:28.183640
Epoch:  60/2000, Time: 0:07:35.059382
Loss:  16.7498779296875
Epoch:  61/2000, Time: 0:07:41.697641
Epoch:  62/2000, Time: 0:07:48.497525
Epoch:  63/2000, Time: 0:07:54.890815
Epoch:  64/2000, Time: 0:08:01.533189
Epoch:  65/2000, Time: 0:08:08.101246
Epoch:  66/2000, Time: 0:08:15.039806
Epoch:  67/2000, Time: 0:08:21.663229
Epoch:  68/2000, Time: 0:08:28.301222
Epoch:  69/2000, Time: 0:08:34.853578
Epoch:  70/2000, Time: 0:08:41.365859
Loss:  15.323807716369629
Epoch:  71/2000, Time: 0:08:48.335340
Epoch:  72/2000, Time: 0:08:55.168189
Epoch:  73/2000, Time: 0:09:01.894203
Epoch:  74/2000, Time: 0:09:08.395580
Epoch:  75/2000, Time: 0:09:15.138453
Epoch:  76/2000, Time: 0:09:21.506017
Epoch:  77/2000, Time: 0:09:28.333505
Epoch:  78/2000, Time: 0:09:35.031705
Epoch:  79/2000, Time: 0:09:41.947644
Epoch:  80/2000, Time: 0:09:48.823725
Loss:  14.290735244750977
Epoch:  81/2000, Time: 0:09:55.222979
Epoch:  82/2000, Time: 0:10:01.816225
Epoch:  83/2000, Time: 0:10:08.617327
Epoch:  84/2000, Time: 0:10:15.366733
Epoch:  85/2000, Time: 0:10:21.997582
Epoch:  86/2000, Time: 0:10:28.888855
Epoch:  87/2000, Time: 0:10:35.415769
Epoch:  88/2000, Time: 0:10:42.166769
Epoch:  89/2000, Time: 0:10:48.879936
Epoch:  90/2000, Time: 0:10:55.896414
Loss:  13.483292579650879
Epoch:  91/2000, Time: 0:11:02.707355
Epoch:  92/2000, Time: 0:11:09.615653
Epoch:  93/2000, Time: 0:11:16.426328
Epoch:  94/2000, Time: 0:11:23.210693
Epoch:  95/2000, Time: 0:11:29.783539
Epoch:  96/2000, Time: 0:11:36.791370
Epoch:  97/2000, Time: 0:11:43.485620
Epoch:  98/2000, Time: 0:11:50.278220
Epoch:  99/2000, Time: 0:11:56.797200
Epoch:  100/2000, Time: 0:12:03.528499
Pruning anomalies!
Pruned 208 samples...
Number of samples:  320912
Loss:  11.253957748413086
Epoch:  101/2000, Time: 0:13:24.955129
Epoch:  102/2000, Time: 0:13:31.718151
Epoch:  103/2000, Time: 0:13:38.256221
Epoch:  104/2000, Time: 0:13:45.093279
Epoch:  105/2000, Time: 0:13:51.851773
Epoch:  106/2000, Time: 0:13:58.507517
Epoch:  107/2000, Time: 0:14:05.399738
Epoch:  108/2000, Time: 0:14:12.225699
Epoch:  109/2000, Time: 0:14:19.218364
Epoch:  110/2000, Time: 0:14:25.864069
Loss:  10.876246452331543
Epoch:  111/2000, Time: 0:14:32.839703
Epoch:  112/2000, Time: 0:14:39.363794
Epoch:  113/2000, Time: 0:14:46.043816
Epoch:  114/2000, Time: 0:14:53.010203
Epoch:  115/2000, Time: 0:14:59.775362
Epoch:  116/2000, Time: 0:15:06.545721
Epoch:  117/2000, Time: 0:15:13.188168
Epoch:  118/2000, Time: 0:15:20.193854
Epoch:  119/2000, Time: 0:15:26.988728
Epoch:  120/2000, Time: 0:15:33.588401
Loss:  10.579607963562012
Epoch:  121/2000, Time: 0:15:40.458332
Epoch:  122/2000, Time: 0:15:47.317586
Epoch:  123/2000, Time: 0:15:54.035147
Epoch:  124/2000, Time: 0:16:00.926627
Epoch:  125/2000, Time: 0:16:07.475568
Epoch:  126/2000, Time: 0:16:14.237441
Epoch:  127/2000, Time: 0:16:20.856296
Epoch:  128/2000, Time: 0:16:27.592351
Epoch:  129/2000, Time: 0:16:34.628263
Epoch:  130/2000, Time: 0:16:42.113394
Loss:  10.31806468963623
Epoch:  131/2000, Time: 0:16:49.076051
Epoch:  132/2000, Time: 0:16:56.072156
Epoch:  133/2000, Time: 0:17:02.872860
Epoch:  134/2000, Time: 0:17:09.713150
Epoch:  135/2000, Time: 0:17:16.642713
Epoch:  136/2000, Time: 0:17:23.459252
Epoch:  137/2000, Time: 0:17:30.254381
Epoch:  138/2000, Time: 0:17:37.490454
Epoch:  139/2000, Time: 0:17:44.244810
Epoch:  140/2000, Time: 0:17:51.526661
Loss:  10.193452835083008
Epoch:  141/2000, Time: 0:17:58.284513
Epoch:  142/2000, Time: 0:18:05.615862
Epoch:  143/2000, Time: 0:18:12.486867
Epoch:  144/2000, Time: 0:18:19.094641
Epoch:  145/2000, Time: 0:18:25.871410
Epoch:  146/2000, Time: 0:18:32.700887
Epoch:  147/2000, Time: 0:18:39.634240
Epoch:  148/2000, Time: 0:18:46.887485
Epoch:  149/2000, Time: 0:18:53.712644
Epoch:  150/2000, Time: 0:19:00.557778
Pruning anomalies!
Pruned 320 samples...
Number of samples:  320592
Loss:  10.938056945800781
Epoch:  151/2000, Time: 0:20:22.167600
Epoch:  152/2000, Time: 0:20:29.062991
Epoch:  153/2000, Time: 0:20:36.141673
Epoch:  154/2000, Time: 0:20:43.368378
Epoch:  155/2000, Time: 0:20:50.507785
Epoch:  156/2000, Time: 0:20:57.366812
Epoch:  157/2000, Time: 0:21:04.613956
Epoch:  158/2000, Time: 0:21:11.781976
Epoch:  159/2000, Time: 0:21:18.660374
Epoch:  160/2000, Time: 0:21:25.295286
Loss:  10.743925094604492
Epoch:  161/2000, Time: 0:21:32.055898
Epoch:  162/2000, Time: 0:21:38.687939
Epoch:  163/2000, Time: 0:21:45.664632
Epoch:  164/2000, Time: 0:21:52.570475
Epoch:  165/2000, Time: 0:21:59.544215
Epoch:  166/2000, Time: 0:22:06.334451
Epoch:  167/2000, Time: 0:22:13.108979
Epoch:  168/2000, Time: 0:22:20.025812
Epoch:  169/2000, Time: 0:22:26.846812
Epoch:  170/2000, Time: 0:22:33.531844
Loss:  10.522380828857422
Epoch:  171/2000, Time: 0:22:40.386345
Epoch:  172/2000, Time: 0:22:47.223375
Epoch:  173/2000, Time: 0:22:53.912563
Epoch:  174/2000, Time: 0:23:00.889892
Epoch:  175/2000, Time: 0:23:07.606587
Epoch:  176/2000, Time: 0:23:14.447123
Epoch:  177/2000, Time: 0:23:21.232467
Epoch:  178/2000, Time: 0:23:27.935212
Epoch:  179/2000, Time: 0:23:35.039092
Epoch:  180/2000, Time: 0:23:41.774049
Loss:  10.483907699584961
Epoch:  181/2000, Time: 0:23:48.542784
Epoch:  182/2000, Time: 0:23:55.161971
Epoch:  183/2000, Time: 0:24:02.037680
Epoch:  184/2000, Time: 0:24:09.000135
Epoch:  185/2000, Time: 0:24:15.724733
Epoch:  186/2000, Time: 0:24:22.535872
Epoch:  187/2000, Time: 0:24:29.703993
Epoch:  188/2000, Time: 0:24:36.737367
Epoch:  189/2000, Time: 0:24:43.672317
Epoch:  190/2000, Time: 0:24:50.420963
Loss:  10.386162757873535
Epoch:  191/2000, Time: 0:24:57.240754
Epoch:  192/2000, Time: 0:25:04.155870
Epoch:  193/2000, Time: 0:25:11.136454
Epoch:  194/2000, Time: 0:25:17.938953
Epoch:  195/2000, Time: 0:25:24.711309
Epoch:  196/2000, Time: 0:25:32.303257
Epoch:  197/2000, Time: 0:25:39.486135
Epoch:  198/2000, Time: 0:25:46.458302
Epoch:  199/2000, Time: 0:25:53.206441
Epoch:  200/2000, Time: 0:26:00.054393
Pruning anomalies!
Pruned 431 samples...
Number of samples:  320168
Loss:  10.159286499023438
Epoch:  201/2000, Time: 0:27:19.844476
Epoch:  202/2000, Time: 0:27:26.981665
Epoch:  203/2000, Time: 0:27:33.905263
Epoch:  204/2000, Time: 0:27:40.723063
Epoch:  205/2000, Time: 0:27:47.574534
Epoch:  206/2000, Time: 0:27:54.373525
Epoch:  207/2000, Time: 0:28:01.428836
Epoch:  208/2000, Time: 0:28:08.168494
Epoch:  209/2000, Time: 0:28:15.064860
Epoch:  210/2000, Time: 0:28:22.008499
Loss:  10.089994430541992
Epoch:  211/2000, Time: 0:28:28.680664
Epoch:  212/2000, Time: 0:28:35.540548
Epoch:  213/2000, Time: 0:28:42.488320
Epoch:  214/2000, Time: 0:28:49.310758
Epoch:  215/2000, Time: 0:28:56.055858
Epoch:  216/2000, Time: 0:29:02.833578
Epoch:  217/2000, Time: 0:29:09.741030
Epoch:  218/2000, Time: 0:29:16.805782
Epoch:  219/2000, Time: 0:29:23.730949
Epoch:  220/2000, Time: 0:29:30.469510
Loss:  9.898608207702637
Epoch:  221/2000, Time: 0:29:37.161148
Epoch:  222/2000, Time: 0:29:44.001344
Epoch:  223/2000, Time: 0:29:51.095613
Epoch:  224/2000, Time: 0:29:57.847455
Epoch:  225/2000, Time: 0:30:04.980174
Epoch:  226/2000, Time: 0:30:11.651579
Epoch:  227/2000, Time: 0:30:18.486768
Epoch:  228/2000, Time: 0:30:25.079078
Epoch:  229/2000, Time: 0:30:32.106085
Epoch:  230/2000, Time: 0:30:39.019666
Loss:  9.81399154663086
Epoch:  231/2000, Time: 0:30:46.020062
Epoch:  232/2000, Time: 0:30:52.820309
Epoch:  233/2000, Time: 0:30:59.761223
Epoch:  234/2000, Time: 0:31:06.636264
Epoch:  235/2000, Time: 0:31:13.519746
Epoch:  236/2000, Time: 0:31:20.456167
Epoch:  237/2000, Time: 0:31:26.994506
Epoch:  238/2000, Time: 0:31:34.231942
Epoch:  239/2000, Time: 0:31:40.865101
Epoch:  240/2000, Time: 0:31:47.768669
Loss:  9.711583137512207
Epoch:  241/2000, Time: 0:31:54.924923
Epoch:  242/2000, Time: 0:32:01.555166
Epoch:  243/2000, Time: 0:32:08.505482
Epoch:  244/2000, Time: 0:32:15.317937
Epoch:  245/2000, Time: 0:32:21.988104
Epoch:  246/2000, Time: 0:32:28.797459
Epoch:  247/2000, Time: 0:32:35.644621
Epoch:  248/2000, Time: 0:32:42.462622
Epoch:  249/2000, Time: 0:32:49.237679
Epoch:  250/2000, Time: 0:32:56.100479
Pruning anomalies!
Pruned 400 samples...
Number of samples:  319768
Loss:  11.816160202026367
Epoch:  251/2000, Time: 0:34:15.259767
Epoch:  252/2000, Time: 0:34:22.143039
Epoch:  253/2000, Time: 0:34:29.003628
Epoch:  254/2000, Time: 0:34:36.025521
Epoch:  255/2000, Time: 0:34:42.918226
Epoch:  256/2000, Time: 0:34:49.719386
Epoch:  257/2000, Time: 0:34:56.742141
Epoch:  258/2000, Time: 0:35:03.609343
Epoch:  259/2000, Time: 0:35:10.658870
Epoch:  260/2000, Time: 0:35:17.571677
Loss:  11.72746753692627
Epoch:  261/2000, Time: 0:35:24.285186
Epoch:  262/2000, Time: 0:35:31.223697
Epoch:  263/2000, Time: 0:35:38.155662
Epoch:  264/2000, Time: 0:35:44.723976
Epoch:  265/2000, Time: 0:35:52.029604
Epoch:  266/2000, Time: 0:35:58.888515
Epoch:  267/2000, Time: 0:36:05.686064
Epoch:  268/2000, Time: 0:36:12.601276
Epoch:  269/2000, Time: 0:36:19.900921
Epoch:  270/2000, Time: 0:36:26.841467
Loss:  11.522706985473633
Epoch:  271/2000, Time: 0:36:33.692733
Epoch:  272/2000, Time: 0:36:40.741936
Epoch:  273/2000, Time: 0:36:47.616940
Epoch:  274/2000, Time: 0:36:54.526450
Epoch:  275/2000, Time: 0:37:01.464297
Epoch:  276/2000, Time: 0:37:08.392206
Epoch:  277/2000, Time: 0:37:15.333929
Epoch:  278/2000, Time: 0:37:22.331205
Epoch:  279/2000, Time: 0:37:29.226284
Epoch:  280/2000, Time: 0:37:36.171329
Loss:  11.516010284423828
Epoch:  281/2000, Time: 0:37:43.333193
Epoch:  282/2000, Time: 0:37:50.549312
Epoch:  283/2000, Time: 0:37:57.702800
Epoch:  284/2000, Time: 0:38:04.580060
Epoch:  285/2000, Time: 0:38:11.593229
Epoch:  286/2000, Time: 0:38:18.334690
Epoch:  287/2000, Time: 0:38:25.309802
Epoch:  288/2000, Time: 0:38:32.490113
Epoch:  289/2000, Time: 0:38:39.253885
Epoch:  290/2000, Time: 0:38:46.180767
Loss:  11.456269264221191
Epoch:  291/2000, Time: 0:38:52.923199
Epoch:  292/2000, Time: 0:38:59.688260
Epoch:  293/2000, Time: 0:39:06.689707
Epoch:  294/2000, Time: 0:39:13.778051
Epoch:  295/2000, Time: 0:39:20.742558
Epoch:  296/2000, Time: 0:39:27.720506
Epoch:  297/2000, Time: 0:39:34.760165
Epoch:  298/2000, Time: 0:39:41.552980
Epoch:  299/2000, Time: 0:39:48.494153
Epoch:  300/2000, Time: 0:39:55.585469
Pruning anomalies!
Pruned 429 samples...
Number of samples:  319344
Loss:  10.473520278930664
Epoch:  301/2000, Time: 0:41:16.119317
Epoch:  302/2000, Time: 0:41:22.789233
Epoch:  303/2000, Time: 0:41:29.882562
Epoch:  304/2000, Time: 0:41:36.654957
Epoch:  305/2000, Time: 0:41:43.568212
Epoch:  306/2000, Time: 0:41:50.309140
Epoch:  307/2000, Time: 0:41:57.528232
Epoch:  308/2000, Time: 0:42:04.312951
Epoch:  309/2000, Time: 0:42:11.252142
Epoch:  310/2000, Time: 0:42:18.162707
Loss:  10.447806358337402
Epoch:  311/2000, Time: 0:42:25.093152
Epoch:  312/2000, Time: 0:42:31.931754
Epoch:  313/2000, Time: 0:42:38.757548
Epoch:  314/2000, Time: 0:42:45.668329
Epoch:  315/2000, Time: 0:42:52.495850
Epoch:  316/2000, Time: 0:42:59.502042
Epoch:  317/2000, Time: 0:43:06.532076
Epoch:  318/2000, Time: 0:43:13.283376
Epoch:  319/2000, Time: 0:43:20.164344
Epoch:  320/2000, Time: 0:43:27.143650
Loss:  10.332767486572266
Epoch:  321/2000, Time: 0:43:33.905336
Epoch:  322/2000, Time: 0:43:40.864923
Epoch:  323/2000, Time: 0:43:47.840737
Epoch:  324/2000, Time: 0:43:54.796170
Epoch:  325/2000, Time: 0:44:01.571994
Epoch:  326/2000, Time: 0:44:08.663984
Epoch:  327/2000, Time: 0:44:15.415155
Epoch:  328/2000, Time: 0:44:22.398745
Epoch:  329/2000, Time: 0:44:29.433864
Epoch:  330/2000, Time: 0:44:36.395371
Loss:  10.284049034118652
Epoch:  331/2000, Time: 0:44:43.373335
Epoch:  332/2000, Time: 0:44:50.255208
Epoch:  333/2000, Time: 0:44:57.274099
Epoch:  334/2000, Time: 0:45:04.190681
Epoch:  335/2000, Time: 0:45:11.429963
Epoch:  336/2000, Time: 0:45:18.192813
Epoch:  337/2000, Time: 0:45:25.051188
Epoch:  338/2000, Time: 0:45:32.110850
Epoch:  339/2000, Time: 0:45:38.915582
Epoch:  340/2000, Time: 0:45:45.798373
Loss:  10.238264083862305
Epoch:  341/2000, Time: 0:45:52.975694
Epoch:  342/2000, Time: 0:45:59.790235
Epoch:  343/2000, Time: 0:46:06.696412
Epoch:  344/2000, Time: 0:46:13.627040
Epoch:  345/2000, Time: 0:46:20.479739
Epoch:  346/2000, Time: 0:46:27.429359
Epoch:  347/2000, Time: 0:46:34.710355
Epoch:  348/2000, Time: 0:46:41.720072
Epoch:  349/2000, Time: 0:46:48.422672
Epoch:  350/2000, Time: 0:46:55.437180
Pruning anomalies!
Pruned 407 samples...
Number of samples:  318944
Loss:  10.098326683044434
Epoch:  351/2000, Time: 0:48:14.521834
Epoch:  352/2000, Time: 0:48:21.450724
Epoch:  353/2000, Time: 0:48:28.210071
Epoch:  354/2000, Time: 0:48:35.491156
Epoch:  355/2000, Time: 0:48:42.171721
Epoch:  356/2000, Time: 0:48:48.959594
Epoch:  357/2000, Time: 0:48:55.879522
Epoch:  358/2000, Time: 0:49:02.887096
Epoch:  359/2000, Time: 0:49:09.729401
Epoch:  360/2000, Time: 0:49:16.862967
Loss:  10.094653129577637
Epoch:  361/2000, Time: 0:49:23.673241
Epoch:  362/2000, Time: 0:49:30.688006
Epoch:  363/2000, Time: 0:49:37.604709
Epoch:  364/2000, Time: 0:49:44.371681
Epoch:  365/2000, Time: 0:49:51.456733
Epoch:  366/2000, Time: 0:49:58.419326
Epoch:  367/2000, Time: 0:50:05.331506
Epoch:  368/2000, Time: 0:50:12.066909
Epoch:  369/2000, Time: 0:50:18.859000
Epoch:  370/2000, Time: 0:50:25.704017
Loss:  10.072248458862305
Epoch:  371/2000, Time: 0:50:32.827889
Epoch:  372/2000, Time: 0:50:39.698088
Epoch:  373/2000, Time: 0:50:46.475544
Epoch:  374/2000, Time: 0:50:53.328976
Epoch:  375/2000, Time: 0:51:00.143523
Epoch:  376/2000, Time: 0:51:06.979398
Epoch:  377/2000, Time: 0:51:14.178784
Epoch:  378/2000, Time: 0:51:21.074801
Epoch:  379/2000, Time: 0:51:28.142417
Epoch:  380/2000, Time: 0:51:35.550834
Loss:  9.986673355102539
Epoch:  381/2000, Time: 0:51:42.344818
Epoch:  382/2000, Time: 0:51:49.341709
Epoch:  383/2000, Time: 0:51:56.306479
Epoch:  384/2000, Time: 0:52:03.362646
Epoch:  385/2000, Time: 0:52:10.022243
Epoch:  386/2000, Time: 0:52:17.581501
Epoch:  387/2000, Time: 0:52:24.372058
Epoch:  388/2000, Time: 0:52:31.237015
Epoch:  389/2000, Time: 0:52:38.287275
Epoch:  390/2000, Time: 0:52:45.228865
Loss:  9.939229011535645
Epoch:  391/2000, Time: 0:52:52.304177
Epoch:  392/2000, Time: 0:52:59.248239
Epoch:  393/2000, Time: 0:53:06.142882
Epoch:  394/2000, Time: 0:53:13.215860
Epoch:  395/2000, Time: 0:53:20.262051
Epoch:  396/2000, Time: 0:53:26.917859
Epoch:  397/2000, Time: 0:53:33.804158
Epoch:  398/2000, Time: 0:53:40.634500
Epoch:  399/2000, Time: 0:53:47.660176
Epoch:  400/2000, Time: 0:53:54.419725
Pruning anomalies!
Pruned 392 samples...
Number of samples:  318552
Loss:  9.329509735107422
Epoch:  401/2000, Time: 0:55:13.822785
Epoch:  402/2000, Time: 0:55:20.850944
Epoch:  403/2000, Time: 0:55:27.881395
Epoch:  404/2000, Time: 0:55:34.843358
Epoch:  405/2000, Time: 0:55:41.880788
Epoch:  406/2000, Time: 0:55:48.960155
Epoch:  407/2000, Time: 0:55:56.046988
Epoch:  408/2000, Time: 0:56:02.813653
Epoch:  409/2000, Time: 0:56:09.797531
Epoch:  410/2000, Time: 0:56:16.853191
Loss:  9.29437255859375
Epoch:  411/2000, Time: 0:56:23.943705
Epoch:  412/2000, Time: 0:56:30.722590
Epoch:  413/2000, Time: 0:56:37.524767
Epoch:  414/2000, Time: 0:56:44.474135
Epoch:  415/2000, Time: 0:56:51.392184
Epoch:  416/2000, Time: 0:56:58.472556
Epoch:  417/2000, Time: 0:57:05.059381
Epoch:  418/2000, Time: 0:57:11.779644
Epoch:  419/2000, Time: 0:57:18.524862
Epoch:  420/2000, Time: 0:57:25.600172
Loss:  9.261012077331543
Epoch:  421/2000, Time: 0:57:32.543810
Epoch:  422/2000, Time: 0:57:39.459573
Epoch:  423/2000, Time: 0:57:46.347127
Epoch:  424/2000, Time: 0:57:53.246103
Epoch:  425/2000, Time: 0:58:00.220193
Epoch:  426/2000, Time: 0:58:07.237133
Epoch:  427/2000, Time: 0:58:13.915214
Epoch:  428/2000, Time: 0:58:20.769598
Epoch:  429/2000, Time: 0:58:27.958763
Epoch:  430/2000, Time: 0:58:34.700112
Loss:  9.283331871032715
Epoch:  431/2000, Time: 0:58:41.663289
Epoch:  432/2000, Time: 0:58:48.597757
Epoch:  433/2000, Time: 0:58:55.554521
Epoch:  434/2000, Time: 0:59:02.437247
Epoch:  435/2000, Time: 0:59:09.189679
Epoch:  436/2000, Time: 0:59:16.002045
Epoch:  437/2000, Time: 0:59:22.812812
Epoch:  438/2000, Time: 0:59:29.864680
Epoch:  439/2000, Time: 0:59:36.671231
Epoch:  440/2000, Time: 0:59:43.614255
Loss:  9.216044425964355
Epoch:  441/2000, Time: 0:59:50.565934
Epoch:  442/2000, Time: 0:59:57.466940
Epoch:  443/2000, Time: 1:00:04.501019
Epoch:  444/2000, Time: 1:00:11.557767
Epoch:  445/2000, Time: 1:00:18.697865
Epoch:  446/2000, Time: 1:00:25.690202
Epoch:  447/2000, Time: 1:00:32.585837
Epoch:  448/2000, Time: 1:00:39.610139
Epoch:  449/2000, Time: 1:00:46.277716
Epoch:  450/2000, Time: 1:00:53.040469
Pruning anomalies!
Pruned 439 samples...
Number of samples:  318120
Loss:  10.419795036315918
Epoch:  451/2000, Time: 1:02:11.608356
Epoch:  452/2000, Time: 1:02:18.561836
Epoch:  453/2000, Time: 1:02:25.471661
Epoch:  454/2000, Time: 1:02:32.410319
Epoch:  455/2000, Time: 1:02:39.114698
Epoch:  456/2000, Time: 1:02:46.167147
Epoch:  457/2000, Time: 1:02:52.948092
Epoch:  458/2000, Time: 1:02:59.835544
Epoch:  459/2000, Time: 1:03:07.046944
Epoch:  460/2000, Time: 1:03:13.970465
Loss:  11.23953628540039
Epoch:  461/2000, Time: 1:03:21.036850
Epoch:  462/2000, Time: 1:03:27.817157
Epoch:  463/2000, Time: 1:03:34.736174
Epoch:  464/2000, Time: 1:03:41.436054
Epoch:  465/2000, Time: 1:03:48.502873
Epoch:  466/2000, Time: 1:03:55.642988
Epoch:  467/2000, Time: 1:04:02.442415
Epoch:  468/2000, Time: 1:04:09.309245
Epoch:  469/2000, Time: 1:04:16.210809
Epoch:  470/2000, Time: 1:04:23.015999
Loss:  10.78454875946045
Epoch:  471/2000, Time: 1:04:30.064005
Epoch:  472/2000, Time: 1:04:36.776953
Epoch:  473/2000, Time: 1:04:43.702005
Epoch:  474/2000, Time: 1:04:50.849163
Epoch:  475/2000, Time: 1:04:57.847681
Epoch:  476/2000, Time: 1:05:04.967360
Epoch:  477/2000, Time: 1:05:11.732671
Epoch:  478/2000, Time: 1:05:18.783962
Epoch:  479/2000, Time: 1:05:25.487100
Epoch:  480/2000, Time: 1:05:32.342536
Loss:  10.63460922241211
Epoch:  481/2000, Time: 1:05:39.137326
Epoch:  482/2000, Time: 1:05:45.990947
Epoch:  483/2000, Time: 1:05:53.184718
Epoch:  484/2000, Time: 1:05:59.944272
Epoch:  485/2000, Time: 1:06:06.737727
Epoch:  486/2000, Time: 1:06:13.872397
Epoch:  487/2000, Time: 1:06:20.642898
Epoch:  488/2000, Time: 1:06:27.600957
Epoch:  489/2000, Time: 1:06:34.757446
Epoch:  490/2000, Time: 1:06:41.346512
Loss:  10.505436897277832
Epoch:  491/2000, Time: 1:06:48.327309
Epoch:  492/2000, Time: 1:06:55.199511
Epoch:  493/2000, Time: 1:07:02.106326
Epoch:  494/2000, Time: 1:07:09.067093
Epoch:  495/2000, Time: 1:07:15.899407
Epoch:  496/2000, Time: 1:07:22.810763
Epoch:  497/2000, Time: 1:07:29.503863
Epoch:  498/2000, Time: 1:07:36.452068
Epoch:  499/2000, Time: 1:07:43.313289
Epoch:  500/2000, Time: 1:07:50.189165
Pruning anomalies!
Pruned 456 samples...
Number of samples:  317664
Loss:  9.52889633178711
Epoch:  501/2000, Time: 1:09:09.894810
Epoch:  502/2000, Time: 1:09:16.525694
Epoch:  503/2000, Time: 1:09:23.405164
Epoch:  504/2000, Time: 1:09:30.240704
Epoch:  505/2000, Time: 1:09:37.287268
Epoch:  506/2000, Time: 1:09:44.245991
Epoch:  507/2000, Time: 1:09:51.119573
Epoch:  508/2000, Time: 1:09:57.957557
Epoch:  509/2000, Time: 1:10:05.100135
Epoch:  510/2000, Time: 1:10:11.863624
Loss:  9.495237350463867
Epoch:  511/2000, Time: 1:10:18.840669
Epoch:  512/2000, Time: 1:10:25.741882
Epoch:  513/2000, Time: 1:10:32.806307
Epoch:  514/2000, Time: 1:10:39.710769
Epoch:  515/2000, Time: 1:10:46.575858
Epoch:  516/2000, Time: 1:10:53.534322
Epoch:  517/2000, Time: 1:11:00.581802
Epoch:  518/2000, Time: 1:11:07.376814
Epoch:  519/2000, Time: 1:11:14.417201
Epoch:  520/2000, Time: 1:11:21.379548
Loss:  9.397614479064941
Epoch:  521/2000, Time: 1:11:28.455029
Epoch:  522/2000, Time: 1:11:35.422514
Epoch:  523/2000, Time: 1:11:42.344847
Epoch:  524/2000, Time: 1:11:49.371943
Epoch:  525/2000, Time: 1:11:56.377195
Epoch:  526/2000, Time: 1:12:03.283939
Epoch:  527/2000, Time: 1:12:10.123771
Epoch:  528/2000, Time: 1:12:17.122755
Epoch:  529/2000, Time: 1:12:24.194588
Epoch:  530/2000, Time: 1:12:31.303404
Loss:  9.349417686462402
Epoch:  531/2000, Time: 1:12:38.386496
Epoch:  532/2000, Time: 1:12:45.291112
Epoch:  533/2000, Time: 1:12:52.291804
Epoch:  534/2000, Time: 1:12:59.260001
Epoch:  535/2000, Time: 1:13:06.126435
Epoch:  536/2000, Time: 1:13:13.041525
Epoch:  537/2000, Time: 1:13:19.913433
Epoch:  538/2000, Time: 1:13:26.749213
Epoch:  539/2000, Time: 1:13:33.708912
Epoch:  540/2000, Time: 1:13:40.804712
Loss:  9.297791481018066
Epoch:  541/2000, Time: 1:13:47.733254
Epoch:  542/2000, Time: 1:13:55.019223
Epoch:  543/2000, Time: 1:14:01.925067
Epoch:  544/2000, Time: 1:14:08.703852
Epoch:  545/2000, Time: 1:14:15.384976
Epoch:  546/2000, Time: 1:14:22.422738
Epoch:  547/2000, Time: 1:14:29.417327
Epoch:  548/2000, Time: 1:14:36.303742
Epoch:  549/2000, Time: 1:14:43.114013
Epoch:  550/2000, Time: 1:14:50.175689
Pruning anomalies!
Pruned 424 samples...
Number of samples:  317240
Loss:  10.114022254943848
Epoch:  551/2000, Time: 1:16:09.951597
Epoch:  552/2000, Time: 1:16:16.871651
Epoch:  553/2000, Time: 1:16:23.967839
Epoch:  554/2000, Time: 1:16:30.742283
Epoch:  555/2000, Time: 1:16:37.573264
Epoch:  556/2000, Time: 1:16:44.454863
Epoch:  557/2000, Time: 1:16:51.470383
Epoch:  558/2000, Time: 1:16:58.540720
Epoch:  559/2000, Time: 1:17:05.320674
Epoch:  560/2000, Time: 1:17:12.352150
Loss:  10.096298217773438
Epoch:  561/2000, Time: 1:17:19.280551
Epoch:  562/2000, Time: 1:17:26.230546
Epoch:  563/2000, Time: 1:17:33.209864
Epoch:  564/2000, Time: 1:17:40.063944
Epoch:  565/2000, Time: 1:17:47.063390
Epoch:  566/2000, Time: 1:17:54.168242
Epoch:  567/2000, Time: 1:18:00.978539
Epoch:  568/2000, Time: 1:18:07.764703
Epoch:  569/2000, Time: 1:18:14.903222
Epoch:  570/2000, Time: 1:18:21.724018
Loss:  10.08901596069336
Epoch:  571/2000, Time: 1:18:28.735032
Epoch:  572/2000, Time: 1:18:35.517743
Epoch:  573/2000, Time: 1:18:42.447464
Epoch:  574/2000, Time: 1:18:49.409618
Epoch:  575/2000, Time: 1:18:56.403952
Epoch:  576/2000, Time: 1:19:03.308398
Epoch:  577/2000, Time: 1:19:10.281706
Epoch:  578/2000, Time: 1:19:17.038760
Epoch:  579/2000, Time: 1:19:24.337606
Epoch:  580/2000, Time: 1:19:31.219351
Loss:  10.099903106689453
Epoch:  581/2000, Time: 1:19:38.224846
Epoch:  582/2000, Time: 1:19:44.987286
Epoch:  583/2000, Time: 1:19:51.779444
Epoch:  584/2000, Time: 1:19:58.811844
Epoch:  585/2000, Time: 1:20:05.839540
Epoch:  586/2000, Time: 1:20:12.930195
Epoch:  587/2000, Time: 1:20:19.691030
Epoch:  588/2000, Time: 1:20:26.459429
Epoch:  589/2000, Time: 1:20:33.241602
Epoch:  590/2000, Time: 1:20:40.083451
Loss:  10.081607818603516
Epoch:  591/2000, Time: 1:20:47.343191
Epoch:  592/2000, Time: 1:20:54.291049
Epoch:  593/2000, Time: 1:21:01.180313
Epoch:  594/2000, Time: 1:21:08.180201
Epoch:  595/2000, Time: 1:21:14.859163
Epoch:  596/2000, Time: 1:21:22.249186
Epoch:  597/2000, Time: 1:21:29.003194
Epoch:  598/2000, Time: 1:21:35.775448
Epoch:  599/2000, Time: 1:21:42.440513
Epoch:  600/2000, Time: 1:21:49.428215
Pruning anomalies!
Pruned 423 samples...
Number of samples:  316824
Loss:  10.150652885437012
Epoch:  601/2000, Time: 1:23:07.966076
Epoch:  602/2000, Time: 1:23:14.627319
Epoch:  603/2000, Time: 1:23:21.668312
Epoch:  604/2000, Time: 1:23:28.592915
Epoch:  605/2000, Time: 1:23:35.349744
Epoch:  606/2000, Time: 1:23:42.672372
Epoch:  607/2000, Time: 1:23:49.680831
Epoch:  608/2000, Time: 1:23:56.535115
Epoch:  609/2000, Time: 1:24:03.423245
Epoch:  610/2000, Time: 1:24:10.338460
Loss:  10.111371040344238
Epoch:  611/2000, Time: 1:24:17.246790
Epoch:  612/2000, Time: 1:24:24.111732
Epoch:  613/2000, Time: 1:24:30.831228
Epoch:  614/2000, Time: 1:24:37.704473
Epoch:  615/2000, Time: 1:24:44.844166
Epoch:  616/2000, Time: 1:24:51.553115
Epoch:  617/2000, Time: 1:24:58.589626
Epoch:  618/2000, Time: 1:25:05.382722
Epoch:  619/2000, Time: 1:25:12.281733
Epoch:  620/2000, Time: 1:25:19.102996
Loss:  10.108978271484375
Epoch:  621/2000, Time: 1:25:26.266904
Epoch:  622/2000, Time: 1:25:33.259231
Epoch:  623/2000, Time: 1:25:40.493924
Epoch:  624/2000, Time: 1:25:47.637398
Epoch:  625/2000, Time: 1:25:54.264536
Epoch:  626/2000, Time: 1:26:01.132544
Epoch:  627/2000, Time: 1:26:08.107668
Epoch:  628/2000, Time: 1:26:15.078355
Epoch:  629/2000, Time: 1:26:22.131837
Epoch:  630/2000, Time: 1:26:28.984843
Loss:  10.08568000793457
Epoch:  631/2000, Time: 1:26:35.869026
Epoch:  632/2000, Time: 1:26:42.788182
Epoch:  633/2000, Time: 1:26:49.804793
Epoch:  634/2000, Time: 1:26:57.262205
Epoch:  635/2000, Time: 1:27:04.245252
Epoch:  636/2000, Time: 1:27:11.060815
Epoch:  637/2000, Time: 1:27:18.087441
Epoch:  638/2000, Time: 1:27:25.281753
Epoch:  639/2000, Time: 1:27:32.640389
Epoch:  640/2000, Time: 1:27:40.482503
Loss:  10.05713939666748
Epoch:  641/2000, Time: 1:27:47.710851
Epoch:  642/2000, Time: 1:27:54.930836
Epoch:  643/2000, Time: 1:28:02.599094
Epoch:  644/2000, Time: 1:28:10.309681
Epoch:  645/2000, Time: 1:28:17.656752
Epoch:  646/2000, Time: 1:28:24.968620
Epoch:  647/2000, Time: 1:28:32.236684
Epoch:  648/2000, Time: 1:28:39.230490
Epoch:  649/2000, Time: 1:28:46.626252
Epoch:  650/2000, Time: 1:28:54.291952
Pruning anomalies!
Pruned 384 samples...
Number of samples:  316440
Loss:  8.857635498046875
Epoch:  651/2000, Time: 1:30:16.479398
Epoch:  652/2000, Time: 1:30:23.861426
Epoch:  653/2000, Time: 1:30:31.084906
Epoch:  654/2000, Time: 1:30:38.465196
Epoch:  655/2000, Time: 1:30:46.104941
Epoch:  656/2000, Time: 1:30:53.745192
Epoch:  657/2000, Time: 1:31:01.595799
Epoch:  658/2000, Time: 1:31:09.179948
Epoch:  659/2000, Time: 1:31:16.546027
Epoch:  660/2000, Time: 1:31:23.849664
Loss:  8.988557815551758
Epoch:  661/2000, Time: 1:31:30.879724
Epoch:  662/2000, Time: 1:31:38.135512
Epoch:  663/2000, Time: 1:31:45.545390
Epoch:  664/2000, Time: 1:31:52.837210
Epoch:  665/2000, Time: 1:32:00.375437
Epoch:  666/2000, Time: 1:32:07.820282
Epoch:  667/2000, Time: 1:32:15.451554
Epoch:  668/2000, Time: 1:32:22.613911
Epoch:  669/2000, Time: 1:32:30.305870
Epoch:  670/2000, Time: 1:32:37.946462
Loss:  8.85198974609375
Epoch:  671/2000, Time: 1:32:45.377447
Epoch:  672/2000, Time: 1:32:52.858357
Epoch:  673/2000, Time: 1:33:00.439295
Epoch:  674/2000, Time: 1:33:08.117349
Epoch:  675/2000, Time: 1:33:16.037508
Epoch:  676/2000, Time: 1:33:23.312000
Epoch:  677/2000, Time: 1:33:30.734754
Epoch:  678/2000, Time: 1:33:38.193810
Epoch:  679/2000, Time: 1:33:45.893177
Epoch:  680/2000, Time: 1:33:53.232419
Loss:  8.832180976867676
Epoch:  681/2000, Time: 1:34:00.956320
Epoch:  682/2000, Time: 1:34:08.439725
Epoch:  683/2000, Time: 1:34:15.595189
Epoch:  684/2000, Time: 1:34:23.171158
Epoch:  685/2000, Time: 1:34:30.638219
Epoch:  686/2000, Time: 1:34:38.211580
Epoch:  687/2000, Time: 1:34:45.267338
Epoch:  688/2000, Time: 1:34:52.566127
Epoch:  689/2000, Time: 1:35:00.264123
Epoch:  690/2000, Time: 1:35:08.023450
Loss:  8.910064697265625
Epoch:  691/2000, Time: 1:35:15.134419
Epoch:  692/2000, Time: 1:35:22.585815
Epoch:  693/2000, Time: 1:35:30.013433
Epoch:  694/2000, Time: 1:35:37.198267
Epoch:  695/2000, Time: 1:35:44.873015
Epoch:  696/2000, Time: 1:35:51.922621
Epoch:  697/2000, Time: 1:35:59.526314
Epoch:  698/2000, Time: 1:36:06.649426
Epoch:  699/2000, Time: 1:36:14.124924
Epoch:  700/2000, Time: 1:36:21.463559
Pruning anomalies!
Pruned 383 samples...
Number of samples:  316064
Loss:  9.878694534301758
Epoch:  701/2000, Time: 1:37:42.996056
Epoch:  702/2000, Time: 1:37:50.128879
Epoch:  703/2000, Time: 1:37:58.097575
Epoch:  704/2000, Time: 1:38:05.485542
Epoch:  705/2000, Time: 1:38:12.865038
Epoch:  706/2000, Time: 1:38:19.898116
Epoch:  707/2000, Time: 1:38:27.844571
Epoch:  708/2000, Time: 1:38:35.155144
Epoch:  709/2000, Time: 1:38:42.914277
Epoch:  710/2000, Time: 1:38:50.063568
Loss:  9.860638618469238
Epoch:  711/2000, Time: 1:38:57.492762
Epoch:  712/2000, Time: 1:39:04.869194
Epoch:  713/2000, Time: 1:39:12.493804
Epoch:  714/2000, Time: 1:39:20.135423
Epoch:  715/2000, Time: 1:39:27.809405
Epoch:  716/2000, Time: 1:39:35.129862
Epoch:  717/2000, Time: 1:39:42.272584
Epoch:  718/2000, Time: 1:39:50.065526
Epoch:  719/2000, Time: 1:39:57.411042
Epoch:  720/2000, Time: 1:40:04.750512
Loss:  9.868992805480957
Epoch:  721/2000, Time: 1:40:11.920019
Epoch:  722/2000, Time: 1:40:19.239832
Epoch:  723/2000, Time: 1:40:26.472391
Epoch:  724/2000, Time: 1:40:33.940227
Epoch:  725/2000, Time: 1:40:41.214296
Epoch:  726/2000, Time: 1:40:49.117680
Epoch:  727/2000, Time: 1:40:56.649637
Epoch:  728/2000, Time: 1:41:04.863473
Epoch:  729/2000, Time: 1:41:12.416187
Epoch:  730/2000, Time: 1:41:19.986219
Loss:  9.861709594726562
Epoch:  731/2000, Time: 1:41:27.473084
Epoch:  732/2000, Time: 1:41:35.175227
Epoch:  733/2000, Time: 1:41:42.473707
Epoch:  734/2000, Time: 1:41:50.382357
Epoch:  735/2000, Time: 1:41:57.480674
Epoch:  736/2000, Time: 1:42:05.621093
Epoch:  737/2000, Time: 1:42:13.268672
Epoch:  738/2000, Time: 1:42:20.638041
Epoch:  739/2000, Time: 1:42:28.241136
Epoch:  740/2000, Time: 1:42:35.707597
Loss:  9.842728614807129
Epoch:  741/2000, Time: 1:42:43.595916
Epoch:  742/2000, Time: 1:42:50.700678
Epoch:  743/2000, Time: 1:42:57.922679
Epoch:  744/2000, Time: 1:43:05.784776
Epoch:  745/2000, Time: 1:43:13.373946
Epoch:  746/2000, Time: 1:43:20.624366
Epoch:  747/2000, Time: 1:43:27.955996
Epoch:  748/2000, Time: 1:43:35.236630
Epoch:  749/2000, Time: 1:43:42.622021
Epoch:  750/2000, Time: 1:43:50.279280
Pruning anomalies!
Pruned 360 samples...
Number of samples:  315704
Loss:  7.871747970581055
Epoch:  751/2000, Time: 1:45:11.500639
Epoch:  752/2000, Time: 1:45:19.580214
Epoch:  753/2000, Time: 1:45:26.425513
Epoch:  754/2000, Time: 1:45:33.827067
Epoch:  755/2000, Time: 1:45:41.664052
Epoch:  756/2000, Time: 1:45:49.242572
Epoch:  757/2000, Time: 1:45:56.674911
Epoch:  758/2000, Time: 1:46:03.662284
Epoch:  759/2000, Time: 1:46:10.865798
Epoch:  760/2000, Time: 1:46:18.109593
Loss:  7.5220561027526855
Epoch:  761/2000, Time: 1:46:25.892555
Epoch:  762/2000, Time: 1:46:33.697468
Epoch:  763/2000, Time: 1:46:40.817756
Epoch:  764/2000, Time: 1:46:48.057981
Epoch:  765/2000, Time: 1:46:55.245864
Epoch:  766/2000, Time: 1:47:02.870934
Epoch:  767/2000, Time: 1:47:10.688423
Epoch:  768/2000, Time: 1:47:17.937725
Epoch:  769/2000, Time: 1:47:24.924081
Epoch:  770/2000, Time: 1:47:32.912260
Loss:  7.4759063720703125
Epoch:  771/2000, Time: 1:47:40.146919
Epoch:  772/2000, Time: 1:47:47.374869
Epoch:  773/2000, Time: 1:47:55.036657
Epoch:  774/2000, Time: 1:48:02.159079
Epoch:  775/2000, Time: 1:48:09.708207
Epoch:  776/2000, Time: 1:48:16.758767
Epoch:  777/2000, Time: 1:48:24.275553
Epoch:  778/2000, Time: 1:48:32.000811
Epoch:  779/2000, Time: 1:48:40.125671
Epoch:  780/2000, Time: 1:48:47.485014
Loss:  7.461785793304443
Epoch:  781/2000, Time: 1:48:55.038248
Epoch:  782/2000, Time: 1:49:02.857706
Epoch:  783/2000, Time: 1:49:10.528704
Epoch:  784/2000, Time: 1:49:17.827968
Epoch:  785/2000, Time: 1:49:25.209855
Epoch:  786/2000, Time: 1:49:32.494066
Epoch:  787/2000, Time: 1:49:39.834700
Epoch:  788/2000, Time: 1:49:47.009562
Epoch:  789/2000, Time: 1:49:54.440863
Epoch:  790/2000, Time: 1:50:02.006994
Loss:  7.462578773498535
Epoch:  791/2000, Time: 1:50:09.122607
Epoch:  792/2000, Time: 1:50:16.518702
Epoch:  793/2000, Time: 1:50:24.160121
Epoch:  794/2000, Time: 1:50:31.438934
Epoch:  795/2000, Time: 1:50:38.440064
Epoch:  796/2000, Time: 1:50:45.977606
Epoch:  797/2000, Time: 1:50:53.558550
Epoch:  798/2000, Time: 1:51:00.990335
Epoch:  799/2000, Time: 1:51:08.843220
Epoch:  800/2000, Time: 1:51:16.557535
Pruning anomalies!
Pruned 336 samples...
Number of samples:  315368
Loss:  9.531582832336426
Epoch:  801/2000, Time: 1:52:37.932740
Epoch:  802/2000, Time: 1:52:45.234400
Epoch:  803/2000, Time: 1:52:52.728160
Epoch:  804/2000, Time: 1:53:00.123371
Epoch:  805/2000, Time: 1:53:07.650913
Epoch:  806/2000, Time: 1:53:15.254553
Epoch:  807/2000, Time: 1:53:22.629600
Epoch:  808/2000, Time: 1:53:29.987596
Epoch:  809/2000, Time: 1:53:37.115857
Epoch:  810/2000, Time: 1:53:44.572341
Loss:  9.517502784729004
Epoch:  811/2000, Time: 1:53:52.384166
Epoch:  812/2000, Time: 1:54:00.041317
Epoch:  813/2000, Time: 1:54:07.467105
Epoch:  814/2000, Time: 1:54:14.991651
Epoch:  815/2000, Time: 1:54:22.510725
Epoch:  816/2000, Time: 1:54:29.955248
Epoch:  817/2000, Time: 1:54:37.610443
Epoch:  818/2000, Time: 1:54:45.287874
Epoch:  819/2000, Time: 1:54:52.826164
Epoch:  820/2000, Time: 1:55:00.112661
Loss:  9.524147987365723
Epoch:  821/2000, Time: 1:55:08.307940
Epoch:  822/2000, Time: 1:55:15.973511
Epoch:  823/2000, Time: 1:55:23.224933
Epoch:  824/2000, Time: 1:55:30.855512
Epoch:  825/2000, Time: 1:55:38.468571
Epoch:  826/2000, Time: 1:55:45.327032
Epoch:  827/2000, Time: 1:55:52.935178
Epoch:  828/2000, Time: 1:56:00.386143
Epoch:  829/2000, Time: 1:56:08.022602
Epoch:  830/2000, Time: 1:56:15.199384
Loss:  9.492779731750488
Epoch:  831/2000, Time: 1:56:22.764101
Epoch:  832/2000, Time: 1:56:30.061315
Epoch:  833/2000, Time: 1:56:37.763681
Epoch:  834/2000, Time: 1:56:44.909907
Epoch:  835/2000, Time: 1:56:52.387231
Epoch:  836/2000, Time: 1:56:59.996675
Epoch:  837/2000, Time: 1:57:07.885150
Epoch:  838/2000, Time: 1:57:16.079458
Epoch:  839/2000, Time: 1:57:23.413655
Epoch:  840/2000, Time: 1:57:30.948148
Loss:  9.496149063110352
Epoch:  841/2000, Time: 1:57:37.977841
Epoch:  842/2000, Time: 1:57:45.086514
Epoch:  843/2000, Time: 1:57:52.607147
Epoch:  844/2000, Time: 1:57:59.378838
Epoch:  845/2000, Time: 1:58:06.399761
Epoch:  846/2000, Time: 1:58:13.353475
Epoch:  847/2000, Time: 1:58:20.541901
Epoch:  848/2000, Time: 1:58:27.496964
Epoch:  849/2000, Time: 1:58:34.624424
Epoch:  850/2000, Time: 1:58:41.946461
Pruning anomalies!
Pruned 296 samples...
Number of samples:  315072
Loss:  9.318743705749512
Epoch:  851/2000, Time: 2:00:01.732850
Epoch:  852/2000, Time: 2:00:09.068895
Epoch:  853/2000, Time: 2:00:16.125555
Epoch:  854/2000, Time: 2:00:22.965371
Epoch:  855/2000, Time: 2:00:29.955809
Epoch:  856/2000, Time: 2:00:36.823569
Epoch:  857/2000, Time: 2:00:43.899310
Epoch:  858/2000, Time: 2:00:50.825469
Epoch:  859/2000, Time: 2:00:57.880917
Epoch:  860/2000, Time: 2:01:04.745121
Loss:  9.313249588012695
Epoch:  861/2000, Time: 2:01:11.856286
Epoch:  862/2000, Time: 2:01:18.755601
Epoch:  863/2000, Time: 2:01:25.652049
Epoch:  864/2000, Time: 2:01:32.492114
Epoch:  865/2000, Time: 2:01:39.684101
Epoch:  866/2000, Time: 2:01:46.523139
Epoch:  867/2000, Time: 2:01:53.447416
Epoch:  868/2000, Time: 2:02:00.266728
Epoch:  869/2000, Time: 2:02:07.296161
Epoch:  870/2000, Time: 2:02:14.150115
Loss:  9.300960540771484
Epoch:  871/2000, Time: 2:02:21.140687
Epoch:  872/2000, Time: 2:02:28.262148
Epoch:  873/2000, Time: 2:02:34.999675
Epoch:  874/2000, Time: 2:02:42.075913
Epoch:  875/2000, Time: 2:02:49.116395
Epoch:  876/2000, Time: 2:02:56.025328
Epoch:  877/2000, Time: 2:03:03.160570
Epoch:  878/2000, Time: 2:03:09.967285
Epoch:  879/2000, Time: 2:03:16.854661
Epoch:  880/2000, Time: 2:03:23.908953
Loss:  9.284893035888672
Epoch:  881/2000, Time: 2:03:30.890882
Epoch:  882/2000, Time: 2:03:38.116303
Epoch:  883/2000, Time: 2:03:44.891221
Epoch:  884/2000, Time: 2:03:51.867833
Epoch:  885/2000, Time: 2:03:58.694249
Epoch:  886/2000, Time: 2:04:05.732811
Epoch:  887/2000, Time: 2:04:12.504226
Epoch:  888/2000, Time: 2:04:19.618979
Epoch:  889/2000, Time: 2:04:26.425983
Epoch:  890/2000, Time: 2:04:33.299531
Loss:  9.297981262207031
Epoch:  891/2000, Time: 2:04:40.172378
Epoch:  892/2000, Time: 2:04:46.992324
Epoch:  893/2000, Time: 2:04:54.013866
Epoch:  894/2000, Time: 2:05:01.369393
Epoch:  895/2000, Time: 2:05:08.324340
Epoch:  896/2000, Time: 2:05:15.190182
Epoch:  897/2000, Time: 2:05:22.044216
Epoch:  898/2000, Time: 2:05:28.829279
Epoch:  899/2000, Time: 2:05:35.603872
Epoch:  900/2000, Time: 2:05:42.563996
Pruning anomalies!
Pruned 336 samples...
Number of samples:  314736
Loss:  8.927559852600098
Epoch:  901/2000, Time: 2:07:02.313236
Epoch:  902/2000, Time: 2:07:09.138671
Epoch:  903/2000, Time: 2:07:16.083809
Epoch:  904/2000, Time: 2:07:23.031871
Epoch:  905/2000, Time: 2:07:29.839434
Epoch:  906/2000, Time: 2:07:36.810682
Epoch:  907/2000, Time: 2:07:43.726915
Epoch:  908/2000, Time: 2:07:50.762635
Epoch:  909/2000, Time: 2:07:57.522464
Epoch:  910/2000, Time: 2:08:04.436550
Loss:  9.221260070800781
Epoch:  911/2000, Time: 2:08:11.464709
Epoch:  912/2000, Time: 2:08:18.345909
Epoch:  913/2000, Time: 2:08:25.117398
Epoch:  914/2000, Time: 2:08:32.204714
Epoch:  915/2000, Time: 2:08:39.075994
Epoch:  916/2000, Time: 2:08:45.980751
Epoch:  917/2000, Time: 2:08:53.140088
Epoch:  918/2000, Time: 2:09:00.016955
Epoch:  919/2000, Time: 2:09:07.171547
Epoch:  920/2000, Time: 2:09:14.204483
Loss:  8.877928733825684
Epoch:  921/2000, Time: 2:09:20.985453
Epoch:  922/2000, Time: 2:09:27.892197
Epoch:  923/2000, Time: 2:09:34.657743
Epoch:  924/2000, Time: 2:09:41.616436
Epoch:  925/2000, Time: 2:09:48.301241
Epoch:  926/2000, Time: 2:09:55.215515
Epoch:  927/2000, Time: 2:10:02.497254
Epoch:  928/2000, Time: 2:10:09.544157
Epoch:  929/2000, Time: 2:10:16.418685
Epoch:  930/2000, Time: 2:10:23.263520
Loss:  8.865767478942871
Epoch:  931/2000, Time: 2:10:30.059521
Epoch:  932/2000, Time: 2:10:36.783206
Epoch:  933/2000, Time: 2:10:43.824951
Epoch:  934/2000, Time: 2:10:50.772752
Epoch:  935/2000, Time: 2:10:57.539601
Epoch:  936/2000, Time: 2:11:04.781434
Epoch:  937/2000, Time: 2:11:11.431400
Epoch:  938/2000, Time: 2:11:18.358100
Epoch:  939/2000, Time: 2:11:25.058347
Epoch:  940/2000, Time: 2:11:32.236782
Loss:  8.872817039489746
Epoch:  941/2000, Time: 2:11:39.016013
Epoch:  942/2000, Time: 2:11:45.823317
Epoch:  943/2000, Time: 2:11:52.674046
Epoch:  944/2000, Time: 2:12:00.123752
Epoch:  945/2000, Time: 2:12:06.776959
Epoch:  946/2000, Time: 2:12:13.807687
Epoch:  947/2000, Time: 2:12:20.622150
Epoch:  948/2000, Time: 2:12:27.425885
Epoch:  949/2000, Time: 2:12:34.432470
Epoch:  950/2000, Time: 2:12:41.539710
Pruning anomalies!
Pruned 328 samples...
Number of samples:  314408
Loss:  9.51488208770752
Epoch:  951/2000, Time: 2:14:00.062200
Epoch:  952/2000, Time: 2:14:07.015843
Epoch:  953/2000, Time: 2:14:13.708417
Epoch:  954/2000, Time: 2:14:20.572311
Epoch:  955/2000, Time: 2:14:27.239124
Epoch:  956/2000, Time: 2:14:34.172212
Epoch:  957/2000, Time: 2:14:41.280815
Epoch:  958/2000, Time: 2:14:48.108302
Epoch:  959/2000, Time: 2:14:55.002468
Epoch:  960/2000, Time: 2:15:01.816370
Loss:  10.417516708374023
Epoch:  961/2000, Time: 2:15:08.804015
Epoch:  962/2000, Time: 2:15:15.550262
Epoch:  963/2000, Time: 2:15:22.609777
Epoch:  964/2000, Time: 2:15:29.695067
Epoch:  965/2000, Time: 2:15:36.622834
Epoch:  966/2000, Time: 2:15:43.507902
Epoch:  967/2000, Time: 2:15:50.503636
Epoch:  968/2000, Time: 2:15:57.545541
Epoch:  969/2000, Time: 2:16:04.700121
Epoch:  970/2000, Time: 2:16:11.654255
Loss:  9.566474914550781
Epoch:  971/2000, Time: 2:16:18.454214
Epoch:  972/2000, Time: 2:16:25.468818
Epoch:  973/2000, Time: 2:16:32.426624
Epoch:  974/2000, Time: 2:16:39.300736
Epoch:  975/2000, Time: 2:16:46.457709
Epoch:  976/2000, Time: 2:16:53.354438
Epoch:  977/2000, Time: 2:17:00.112595
Epoch:  978/2000, Time: 2:17:07.074422
Epoch:  979/2000, Time: 2:17:14.066131
Epoch:  980/2000, Time: 2:17:21.304135
Loss:  9.489102363586426
Epoch:  981/2000, Time: 2:17:28.300166
Epoch:  982/2000, Time: 2:17:35.035238
Epoch:  983/2000, Time: 2:17:42.049816
Epoch:  984/2000, Time: 2:17:48.998123
Epoch:  985/2000, Time: 2:17:55.695865
Epoch:  986/2000, Time: 2:18:02.849372
Epoch:  987/2000, Time: 2:18:09.778660
Epoch:  988/2000, Time: 2:18:16.780179
Epoch:  989/2000, Time: 2:18:23.538455
Epoch:  990/2000, Time: 2:18:30.337012
Loss:  9.468868255615234
Epoch:  991/2000, Time: 2:18:37.534335
Epoch:  992/2000, Time: 2:18:44.668163
Epoch:  993/2000, Time: 2:18:51.798629
Epoch:  994/2000, Time: 2:18:58.592224
Epoch:  995/2000, Time: 2:19:05.223702
Epoch:  996/2000, Time: 2:19:12.531028
Epoch:  997/2000, Time: 2:19:19.424930
Epoch:  998/2000, Time: 2:19:26.403758
Epoch:  999/2000, Time: 2:19:33.204636
Epoch:  1000/2000, Time: 2:19:40.500140
Pruning anomalies!
Pruned 287 samples...
Number of samples:  314128
Loss:  9.143290519714355
Epoch:  1001/2000, Time: 2:21:00.602112
Epoch:  1002/2000, Time: 2:21:07.513875
Epoch:  1003/2000, Time: 2:21:14.529089
Epoch:  1004/2000, Time: 2:21:21.716952
Epoch:  1005/2000, Time: 2:21:28.451922
Epoch:  1006/2000, Time: 2:21:35.376863
Epoch:  1007/2000, Time: 2:21:42.330489
Epoch:  1008/2000, Time: 2:21:49.224158
Epoch:  1009/2000, Time: 2:21:56.016476
Epoch:  1010/2000, Time: 2:22:02.952999
Loss:  9.162928581237793
Epoch:  1011/2000, Time: 2:22:09.901113
Epoch:  1012/2000, Time: 2:22:16.704665
Epoch:  1013/2000, Time: 2:22:23.551401
Epoch:  1014/2000, Time: 2:22:30.591110
Epoch:  1015/2000, Time: 2:22:37.559840
Epoch:  1016/2000, Time: 2:22:44.372435
Epoch:  1017/2000, Time: 2:22:51.174745
Epoch:  1018/2000, Time: 2:22:58.007199
Epoch:  1019/2000, Time: 2:23:04.700332
Epoch:  1020/2000, Time: 2:23:11.495219
Loss:  9.121759414672852
Epoch:  1021/2000, Time: 2:23:18.408167
Epoch:  1022/2000, Time: 2:23:25.256346
Epoch:  1023/2000, Time: 2:23:32.485682
Epoch:  1024/2000, Time: 2:23:39.164536
Epoch:  1025/2000, Time: 2:23:46.119791
Epoch:  1026/2000, Time: 2:23:53.105169
Epoch:  1027/2000, Time: 2:24:00.248783
Epoch:  1028/2000, Time: 2:24:07.021993
Epoch:  1029/2000, Time: 2:24:13.982962
Epoch:  1030/2000, Time: 2:24:21.056176
Loss:  9.397904396057129
Epoch:  1031/2000, Time: 2:24:28.054504
Epoch:  1032/2000, Time: 2:24:34.858623
Epoch:  1033/2000, Time: 2:24:41.717305
Epoch:  1034/2000, Time: 2:24:48.760159
Epoch:  1035/2000, Time: 2:24:55.403018
Epoch:  1036/2000, Time: 2:25:02.598282
Epoch:  1037/2000, Time: 2:25:09.614546
Epoch:  1038/2000, Time: 2:25:16.648459
Epoch:  1039/2000, Time: 2:25:23.496389
Epoch:  1040/2000, Time: 2:25:30.524153
Loss:  9.198348045349121
Epoch:  1041/2000, Time: 2:25:37.356537
Epoch:  1042/2000, Time: 2:25:44.049490
Epoch:  1043/2000, Time: 2:25:50.863388
Epoch:  1044/2000, Time: 2:25:57.708661
Epoch:  1045/2000, Time: 2:26:04.654220
Epoch:  1046/2000, Time: 2:26:11.638116
Epoch:  1047/2000, Time: 2:26:18.559316
Epoch:  1048/2000, Time: 2:26:25.405338
Epoch:  1049/2000, Time: 2:26:32.312248
Epoch:  1050/2000, Time: 2:26:39.587570
Pruning anomalies!
Pruned 247 samples...
Number of samples:  313888
Loss:  9.70021915435791
Epoch:  1051/2000, Time: 2:27:57.607247
Epoch:  1052/2000, Time: 2:28:04.549231
Epoch:  1053/2000, Time: 2:28:11.626509
Epoch:  1054/2000, Time: 2:28:18.522202
Epoch:  1055/2000, Time: 2:28:25.230958
Epoch:  1056/2000, Time: 2:28:32.456155
Epoch:  1057/2000, Time: 2:28:39.200711
Epoch:  1058/2000, Time: 2:28:46.122543
Epoch:  1059/2000, Time: 2:28:52.802230
Epoch:  1060/2000, Time: 2:28:59.596986
Loss:  9.663432121276855
Epoch:  1061/2000, Time: 2:29:06.359248
Epoch:  1062/2000, Time: 2:29:13.648992
Epoch:  1063/2000, Time: 2:29:20.492749
Epoch:  1064/2000, Time: 2:29:27.327161
Epoch:  1065/2000, Time: 2:29:34.259651
Epoch:  1066/2000, Time: 2:29:41.045212
Epoch:  1067/2000, Time: 2:29:48.004542
Epoch:  1068/2000, Time: 2:29:54.980053
Epoch:  1069/2000, Time: 2:30:01.734579
Epoch:  1070/2000, Time: 2:30:08.565147
Loss:  9.671222686767578
Epoch:  1071/2000, Time: 2:30:15.449010
Epoch:  1072/2000, Time: 2:30:22.427951
Epoch:  1073/2000, Time: 2:30:29.394075
Epoch:  1074/2000, Time: 2:30:36.277914
Epoch:  1075/2000, Time: 2:30:43.326325
Epoch:  1076/2000, Time: 2:30:50.172904
Epoch:  1077/2000, Time: 2:30:56.952778
Epoch:  1078/2000, Time: 2:31:04.026374
Epoch:  1079/2000, Time: 2:31:11.230905
Epoch:  1080/2000, Time: 2:31:18.193904
Loss:  9.65339183807373
Epoch:  1081/2000, Time: 2:31:24.927201
Epoch:  1082/2000, Time: 2:31:31.631222
Epoch:  1083/2000, Time: 2:31:38.664842
Epoch:  1084/2000, Time: 2:31:45.480526
Epoch:  1085/2000, Time: 2:31:52.474188
Epoch:  1086/2000, Time: 2:31:59.351584
Epoch:  1087/2000, Time: 2:32:06.319778
Epoch:  1088/2000, Time: 2:32:13.470085
Epoch:  1089/2000, Time: 2:32:20.201186
Epoch:  1090/2000, Time: 2:32:27.007102
Loss:  9.633525848388672
Epoch:  1091/2000, Time: 2:32:33.932282
Epoch:  1092/2000, Time: 2:32:40.889532
Epoch:  1093/2000, Time: 2:32:47.878817
Epoch:  1094/2000, Time: 2:32:54.750650
Epoch:  1095/2000, Time: 2:33:01.817683
Epoch:  1096/2000, Time: 2:33:09.058717
Epoch:  1097/2000, Time: 2:33:16.137522
Epoch:  1098/2000, Time: 2:33:23.044134
Epoch:  1099/2000, Time: 2:33:30.169194
Epoch:  1100/2000, Time: 2:33:37.107318
Pruning anomalies!
Pruned 287 samples...
Number of samples:  313608
Loss:  9.782655715942383
Epoch:  1101/2000, Time: 2:34:55.533726
Epoch:  1102/2000, Time: 2:35:02.387424
Epoch:  1103/2000, Time: 2:35:09.856136
Epoch:  1104/2000, Time: 2:35:16.787086
Epoch:  1105/2000, Time: 2:35:23.495372
Epoch:  1106/2000, Time: 2:35:30.419903
Epoch:  1107/2000, Time: 2:35:37.301660
Epoch:  1108/2000, Time: 2:35:43.953530
Epoch:  1109/2000, Time: 2:35:51.032577
Epoch:  1110/2000, Time: 2:35:57.656300
Loss:  9.588716506958008
Epoch:  1111/2000, Time: 2:36:04.646234
Epoch:  1112/2000, Time: 2:36:11.374471
Epoch:  1113/2000, Time: 2:36:18.235169
Epoch:  1114/2000, Time: 2:36:25.274861
Epoch:  1115/2000, Time: 2:36:32.024782
Epoch:  1116/2000, Time: 2:36:38.980123
Epoch:  1117/2000, Time: 2:36:45.677598
Epoch:  1118/2000, Time: 2:36:52.637274
Epoch:  1119/2000, Time: 2:36:59.650044
Epoch:  1120/2000, Time: 2:37:06.588529
Loss:  9.561931610107422
Epoch:  1121/2000, Time: 2:37:13.433779
Epoch:  1122/2000, Time: 2:37:20.560527
Epoch:  1123/2000, Time: 2:37:27.395597
Epoch:  1124/2000, Time: 2:37:34.163105
Epoch:  1125/2000, Time: 2:37:41.241558
Epoch:  1126/2000, Time: 2:37:48.380519
Epoch:  1127/2000, Time: 2:37:55.243379
Epoch:  1128/2000, Time: 2:38:02.194605
Epoch:  1129/2000, Time: 2:38:09.055546
Epoch:  1130/2000, Time: 2:38:16.016105
Loss:  9.607654571533203
Epoch:  1131/2000, Time: 2:38:22.808230
Epoch:  1132/2000, Time: 2:38:29.853867
Epoch:  1133/2000, Time: 2:38:36.628295
Epoch:  1134/2000, Time: 2:38:43.589342
Epoch:  1135/2000, Time: 2:38:50.507802
Epoch:  1136/2000, Time: 2:38:57.356725
Epoch:  1137/2000, Time: 2:39:04.461622
Epoch:  1138/2000, Time: 2:39:11.821626
Epoch:  1139/2000, Time: 2:39:18.585539
Epoch:  1140/2000, Time: 2:39:25.644741
Loss:  9.589958190917969
Epoch:  1141/2000, Time: 2:39:32.461416
Epoch:  1142/2000, Time: 2:39:39.541189
Epoch:  1143/2000, Time: 2:39:46.521148
Epoch:  1144/2000, Time: 2:39:53.415339
Epoch:  1145/2000, Time: 2:40:00.303825
Epoch:  1146/2000, Time: 2:40:06.958089
Epoch:  1147/2000, Time: 2:40:14.002510
Epoch:  1148/2000, Time: 2:40:20.935215
Epoch:  1149/2000, Time: 2:40:27.923521
Epoch:  1150/2000, Time: 2:40:34.903486
Pruning anomalies!
Pruned 263 samples...
Number of samples:  313352
Loss:  10.89148235321045
Epoch:  1151/2000, Time: 2:41:52.737743
Epoch:  1152/2000, Time: 2:41:59.604470
Epoch:  1153/2000, Time: 2:42:06.568155
Epoch:  1154/2000, Time: 2:42:13.418108
Epoch:  1155/2000, Time: 2:42:20.264343
Epoch:  1156/2000, Time: 2:42:27.052731
Epoch:  1157/2000, Time: 2:42:34.135511
Epoch:  1158/2000, Time: 2:42:41.009097
Epoch:  1159/2000, Time: 2:42:47.914419
Epoch:  1160/2000, Time: 2:42:54.814296
Loss:  10.668272972106934
Epoch:  1161/2000, Time: 2:43:01.644541
Epoch:  1162/2000, Time: 2:43:08.912002
Epoch:  1163/2000, Time: 2:43:15.819354
Epoch:  1164/2000, Time: 2:43:22.583363
Epoch:  1165/2000, Time: 2:43:29.503413
Epoch:  1166/2000, Time: 2:43:36.627976
Epoch:  1167/2000, Time: 2:43:43.462484
Epoch:  1168/2000, Time: 2:43:50.646104
Epoch:  1169/2000, Time: 2:43:57.657489
Epoch:  1170/2000, Time: 2:44:04.430758
Loss:  10.458194732666016
Epoch:  1171/2000, Time: 2:44:11.420407
Epoch:  1172/2000, Time: 2:44:18.323262
Epoch:  1173/2000, Time: 2:44:25.281608
Epoch:  1174/2000, Time: 2:44:32.214208
Epoch:  1175/2000, Time: 2:44:39.092372
Epoch:  1176/2000, Time: 2:44:46.059236
Epoch:  1177/2000, Time: 2:44:53.124982
Epoch:  1178/2000, Time: 2:44:59.866856
Epoch:  1179/2000, Time: 2:45:06.762018
Epoch:  1180/2000, Time: 2:45:13.948731
Loss:  10.473544120788574
Epoch:  1181/2000, Time: 2:45:20.912392
Epoch:  1182/2000, Time: 2:45:27.783803
Epoch:  1183/2000, Time: 2:45:34.391863
Epoch:  1184/2000, Time: 2:45:41.325068
Epoch:  1185/2000, Time: 2:45:48.243455
Epoch:  1186/2000, Time: 2:45:55.369349
Epoch:  1187/2000, Time: 2:46:02.363392
Epoch:  1188/2000, Time: 2:46:09.381429
Epoch:  1189/2000, Time: 2:46:16.265355
Epoch:  1190/2000, Time: 2:46:23.273773
Loss:  10.40611743927002
Epoch:  1191/2000, Time: 2:46:30.617930
Epoch:  1192/2000, Time: 2:46:37.416050
Epoch:  1193/2000, Time: 2:46:44.244478
Epoch:  1194/2000, Time: 2:46:51.009186
Epoch:  1195/2000, Time: 2:46:57.980074
Epoch:  1196/2000, Time: 2:47:04.887401
Epoch:  1197/2000, Time: 2:47:11.968644
Epoch:  1198/2000, Time: 2:47:18.864980
Epoch:  1199/2000, Time: 2:47:25.584580
Epoch:  1200/2000, Time: 2:47:32.659068
Pruning anomalies!
Pruned 248 samples...
Number of samples:  313104
Loss:  9.114315032958984
Epoch:  1201/2000, Time: 2:48:51.444394
Epoch:  1202/2000, Time: 2:48:58.293985
Epoch:  1203/2000, Time: 2:49:05.163344
Epoch:  1204/2000, Time: 2:49:12.109915
Epoch:  1205/2000, Time: 2:49:18.990396
Epoch:  1206/2000, Time: 2:49:25.935144
Epoch:  1207/2000, Time: 2:49:32.757806
Epoch:  1208/2000, Time: 2:49:39.523425
Epoch:  1209/2000, Time: 2:49:46.489450
Epoch:  1210/2000, Time: 2:49:53.719114
Loss:  9.103550910949707
Epoch:  1211/2000, Time: 2:50:00.485613
Epoch:  1212/2000, Time: 2:50:07.276673
Epoch:  1213/2000, Time: 2:50:14.306092
Epoch:  1214/2000, Time: 2:50:21.613014
Epoch:  1215/2000, Time: 2:50:28.456515
Epoch:  1216/2000, Time: 2:50:35.349182
Epoch:  1217/2000, Time: 2:50:42.197516
Epoch:  1218/2000, Time: 2:50:48.984647
Epoch:  1219/2000, Time: 2:50:55.851694
Epoch:  1220/2000, Time: 2:51:02.816874
Loss:  9.085563659667969
Epoch:  1221/2000, Time: 2:51:09.767649
Epoch:  1222/2000, Time: 2:51:16.710088
Epoch:  1223/2000, Time: 2:51:23.711393
Epoch:  1224/2000, Time: 2:51:30.692197
Epoch:  1225/2000, Time: 2:51:37.374447
Epoch:  1226/2000, Time: 2:51:44.277895
Epoch:  1227/2000, Time: 2:51:51.258329
Epoch:  1228/2000, Time: 2:51:58.053386
Epoch:  1229/2000, Time: 2:52:04.913031
Epoch:  1230/2000, Time: 2:52:11.972203
Loss:  9.101142883300781
Epoch:  1231/2000, Time: 2:52:18.808639
Epoch:  1232/2000, Time: 2:52:25.752487
Epoch:  1233/2000, Time: 2:52:32.684244
Epoch:  1234/2000, Time: 2:52:39.785310
Epoch:  1235/2000, Time: 2:52:46.561108
Epoch:  1236/2000, Time: 2:52:53.340092
Epoch:  1237/2000, Time: 2:53:00.162042
Epoch:  1238/2000, Time: 2:53:06.913079
Epoch:  1239/2000, Time: 2:53:13.747224
Epoch:  1240/2000, Time: 2:53:20.651674
Loss:  9.10893726348877
Epoch:  1241/2000, Time: 2:53:27.487876
Epoch:  1242/2000, Time: 2:53:34.747240
Epoch:  1243/2000, Time: 2:53:42.117007
Epoch:  1244/2000, Time: 2:53:49.222999
Epoch:  1245/2000, Time: 2:53:56.589454
Epoch:  1246/2000, Time: 2:54:03.385396
Epoch:  1247/2000, Time: 2:54:10.371805
Epoch:  1248/2000, Time: 2:54:17.384382
Epoch:  1249/2000, Time: 2:54:24.206580
Epoch:  1250/2000, Time: 2:54:31.174877
Pruning anomalies!
Pruned 248 samples...
Number of samples:  312856
Loss:  8.822013854980469
Epoch:  1251/2000, Time: 2:55:49.733696
Epoch:  1252/2000, Time: 2:55:56.424488
Epoch:  1253/2000, Time: 2:56:03.315130
Epoch:  1254/2000, Time: 2:56:10.118378
Epoch:  1255/2000, Time: 2:56:16.873078
Epoch:  1256/2000, Time: 2:56:23.798134
Epoch:  1257/2000, Time: 2:56:30.691488
Epoch:  1258/2000, Time: 2:56:37.685094
Epoch:  1259/2000, Time: 2:56:44.883359
Epoch:  1260/2000, Time: 2:56:51.809690
Loss:  8.811973571777344
Epoch:  1261/2000, Time: 2:56:58.556354
Epoch:  1262/2000, Time: 2:57:05.518974
Epoch:  1263/2000, Time: 2:57:12.400581
Epoch:  1264/2000, Time: 2:57:19.243120
Epoch:  1265/2000, Time: 2:57:25.958301
Epoch:  1266/2000, Time: 2:57:32.847303
Epoch:  1267/2000, Time: 2:57:39.736755
Epoch:  1268/2000, Time: 2:57:46.800300
Epoch:  1269/2000, Time: 2:57:53.781036
Epoch:  1270/2000, Time: 2:58:00.708655
Loss:  8.81591796875
Epoch:  1271/2000, Time: 2:58:07.382865
Epoch:  1272/2000, Time: 2:58:14.684546
Epoch:  1273/2000, Time: 2:58:21.343339
Epoch:  1274/2000, Time: 2:58:28.337620
Epoch:  1275/2000, Time: 2:58:35.355336
Epoch:  1276/2000, Time: 2:58:42.121861
Epoch:  1277/2000, Time: 2:58:49.146548
Epoch:  1278/2000, Time: 2:58:56.199594
Epoch:  1279/2000, Time: 2:59:03.182376
Epoch:  1280/2000, Time: 2:59:10.192044
Loss:  8.829856872558594
Epoch:  1281/2000, Time: 2:59:17.316205
Epoch:  1282/2000, Time: 2:59:24.323996
Epoch:  1283/2000, Time: 2:59:31.037837
Epoch:  1284/2000, Time: 2:59:37.991712
Epoch:  1285/2000, Time: 2:59:44.709578
Epoch:  1286/2000, Time: 2:59:51.459235
Epoch:  1287/2000, Time: 2:59:59.042932
Epoch:  1288/2000, Time: 3:00:06.119977
Epoch:  1289/2000, Time: 3:00:13.194235
Epoch:  1290/2000, Time: 3:00:20.085333
Loss:  8.79261589050293
Epoch:  1291/2000, Time: 3:00:27.251744
Epoch:  1292/2000, Time: 3:00:34.573268
Epoch:  1293/2000, Time: 3:00:41.280944
Epoch:  1294/2000, Time: 3:00:48.328868
Epoch:  1295/2000, Time: 3:00:55.252653
Epoch:  1296/2000, Time: 3:01:02.448484
Epoch:  1297/2000, Time: 3:01:09.520330
Epoch:  1298/2000, Time: 3:01:16.720204
Epoch:  1299/2000, Time: 3:01:24.070018
Epoch:  1300/2000, Time: 3:01:31.212786
Pruning anomalies!
Pruned 216 samples...
Number of samples:  312640
Loss:  8.384769439697266
Epoch:  1301/2000, Time: 3:02:51.437698
Epoch:  1302/2000, Time: 3:02:58.523081
Epoch:  1303/2000, Time: 3:03:05.294062
Epoch:  1304/2000, Time: 3:03:12.258067
Epoch:  1305/2000, Time: 3:03:19.156670
Epoch:  1306/2000, Time: 3:03:26.079909
Epoch:  1307/2000, Time: 3:03:32.980017
Epoch:  1308/2000, Time: 3:03:39.764948
Epoch:  1309/2000, Time: 3:03:46.965964
Epoch:  1310/2000, Time: 3:03:53.811162
Loss:  8.381278991699219
Epoch:  1311/2000, Time: 3:04:00.611219
Epoch:  1312/2000, Time: 3:04:07.402934
Epoch:  1313/2000, Time: 3:04:14.156509
Epoch:  1314/2000, Time: 3:04:21.000947
Epoch:  1315/2000, Time: 3:04:28.122178
Epoch:  1316/2000, Time: 3:04:34.750902
Epoch:  1317/2000, Time: 3:04:41.462113
Epoch:  1318/2000, Time: 3:04:48.415943
Epoch:  1319/2000, Time: 3:04:55.364932
Epoch:  1320/2000, Time: 3:05:02.068292
Loss:  8.371262550354004
Epoch:  1321/2000, Time: 3:05:09.063965
Epoch:  1322/2000, Time: 3:05:16.279286
Epoch:  1323/2000, Time: 3:05:23.171383
Epoch:  1324/2000, Time: 3:05:29.905704
Epoch:  1325/2000, Time: 3:05:36.726003
Epoch:  1326/2000, Time: 3:05:43.613669
Epoch:  1327/2000, Time: 3:05:50.757694
Epoch:  1328/2000, Time: 3:05:57.613737
Epoch:  1329/2000, Time: 3:06:04.334430
Epoch:  1330/2000, Time: 3:06:11.158172
Loss:  8.349903106689453
Epoch:  1331/2000, Time: 3:06:18.318030
Epoch:  1332/2000, Time: 3:06:25.349900
Epoch:  1333/2000, Time: 3:06:32.221350
Epoch:  1334/2000, Time: 3:06:39.391873
Epoch:  1335/2000, Time: 3:06:46.797851
Epoch:  1336/2000, Time: 3:06:53.923728
Epoch:  1337/2000, Time: 3:07:01.093648
Epoch:  1338/2000, Time: 3:07:08.009823
Epoch:  1339/2000, Time: 3:07:14.913880
Epoch:  1340/2000, Time: 3:07:22.021445
Loss:  8.41041088104248
Epoch:  1341/2000, Time: 3:07:29.076477
Epoch:  1342/2000, Time: 3:07:36.816738
Epoch:  1343/2000, Time: 3:07:44.009484
Epoch:  1344/2000, Time: 3:07:51.215083
Epoch:  1345/2000, Time: 3:07:58.033939
Epoch:  1346/2000, Time: 3:08:05.346889
Epoch:  1347/2000, Time: 3:08:12.429962
Epoch:  1348/2000, Time: 3:08:19.546411
Epoch:  1349/2000, Time: 3:08:27.044194
Epoch:  1350/2000, Time: 3:08:34.190302
Pruning anomalies!
Pruned 263 samples...
Number of samples:  312384
Loss:  8.169729232788086
Epoch:  1351/2000, Time: 3:09:54.835744
Epoch:  1352/2000, Time: 3:10:01.728047
Epoch:  1353/2000, Time: 3:10:08.663615
Epoch:  1354/2000, Time: 3:10:15.616232
Epoch:  1355/2000, Time: 3:10:22.357565
Epoch:  1356/2000, Time: 3:10:29.389448
Epoch:  1357/2000, Time: 3:10:36.130869
Epoch:  1358/2000, Time: 3:10:43.236423
Epoch:  1359/2000, Time: 3:10:49.864146
Epoch:  1360/2000, Time: 3:10:56.776373
Loss:  8.162086486816406
Epoch:  1361/2000, Time: 3:11:03.900981
Epoch:  1362/2000, Time: 3:11:10.662813
Epoch:  1363/2000, Time: 3:11:17.692333
Epoch:  1364/2000, Time: 3:11:24.459715
Epoch:  1365/2000, Time: 3:11:31.470667
Epoch:  1366/2000, Time: 3:11:38.450352
Epoch:  1367/2000, Time: 3:11:45.393262
Epoch:  1368/2000, Time: 3:11:52.384083
Epoch:  1369/2000, Time: 3:11:59.327477
Epoch:  1370/2000, Time: 3:12:06.072168
Loss:  8.169480323791504
Epoch:  1371/2000, Time: 3:12:12.664759
Epoch:  1372/2000, Time: 3:12:19.681273
Epoch:  1373/2000, Time: 3:12:26.629096
Epoch:  1374/2000, Time: 3:12:33.613336
Epoch:  1375/2000, Time: 3:12:40.335400
Epoch:  1376/2000, Time: 3:12:47.281641
Epoch:  1377/2000, Time: 3:12:54.187340
Epoch:  1378/2000, Time: 3:13:01.205484
Epoch:  1379/2000, Time: 3:13:08.214361
Epoch:  1380/2000, Time: 3:13:15.185824
Loss:  8.172309875488281
Epoch:  1381/2000, Time: 3:13:22.332491
Epoch:  1382/2000, Time: 3:13:29.141374
Epoch:  1383/2000, Time: 3:13:36.104566
Epoch:  1384/2000, Time: 3:13:42.883832
Epoch:  1385/2000, Time: 3:13:49.695050
Epoch:  1386/2000, Time: 3:13:56.398605
Epoch:  1387/2000, Time: 3:14:03.469277
Epoch:  1388/2000, Time: 3:14:10.395480
Epoch:  1389/2000, Time: 3:14:17.322850
Epoch:  1390/2000, Time: 3:14:24.168888
Loss:  8.169191360473633
Epoch:  1391/2000, Time: 3:14:30.986473
Epoch:  1392/2000, Time: 3:14:37.911095
Epoch:  1393/2000, Time: 3:14:44.901457
Epoch:  1394/2000, Time: 3:14:51.837103
Epoch:  1395/2000, Time: 3:14:59.170491
Epoch:  1396/2000, Time: 3:15:06.287774
Epoch:  1397/2000, Time: 3:15:13.070258
Epoch:  1398/2000, Time: 3:15:20.198318
Epoch:  1399/2000, Time: 3:15:27.307587
Epoch:  1400/2000, Time: 3:15:34.291984
Pruning anomalies!
Pruned 192 samples...
Number of samples:  312192
Loss:  8.989880561828613
Epoch:  1401/2000, Time: 3:16:52.379730
Epoch:  1402/2000, Time: 3:16:59.125954
Epoch:  1403/2000, Time: 3:17:06.116242
Epoch:  1404/2000, Time: 3:17:13.011627
Epoch:  1405/2000, Time: 3:17:19.905883
Epoch:  1406/2000, Time: 3:17:26.777276
Epoch:  1407/2000, Time: 3:17:34.017412
Epoch:  1408/2000, Time: 3:17:40.881217
Epoch:  1409/2000, Time: 3:17:47.582743
Epoch:  1410/2000, Time: 3:17:54.431673
Loss:  8.96033763885498
Epoch:  1411/2000, Time: 3:18:01.442235
Epoch:  1412/2000, Time: 3:18:08.398113
Epoch:  1413/2000, Time: 3:18:15.661201
Epoch:  1414/2000, Time: 3:18:22.490643
Epoch:  1415/2000, Time: 3:18:29.108283
Epoch:  1416/2000, Time: 3:18:35.986147
Epoch:  1417/2000, Time: 3:18:42.968197
Epoch:  1418/2000, Time: 3:18:49.858287
Epoch:  1419/2000, Time: 3:18:57.133654
Epoch:  1420/2000, Time: 3:19:03.746946
Loss:  8.947287559509277
Epoch:  1421/2000, Time: 3:19:10.662578
Epoch:  1422/2000, Time: 3:19:17.482520
Epoch:  1423/2000, Time: 3:19:24.459829
Epoch:  1424/2000, Time: 3:19:31.433460
Epoch:  1425/2000, Time: 3:19:38.355787
Epoch:  1426/2000, Time: 3:19:45.149766
Epoch:  1427/2000, Time: 3:19:52.152339
Epoch:  1428/2000, Time: 3:19:59.019763
Epoch:  1429/2000, Time: 3:20:05.793648
Epoch:  1430/2000, Time: 3:20:12.577314
Loss:  8.95810604095459
Epoch:  1431/2000, Time: 3:20:19.584913
Epoch:  1432/2000, Time: 3:20:26.482707
Epoch:  1433/2000, Time: 3:20:33.350913
Epoch:  1434/2000, Time: 3:20:40.087352
Epoch:  1435/2000, Time: 3:20:46.946933
Epoch:  1436/2000, Time: 3:20:53.911099
Epoch:  1437/2000, Time: 3:21:00.873060
Epoch:  1438/2000, Time: 3:21:07.867786
Epoch:  1439/2000, Time: 3:21:14.802974
Epoch:  1440/2000, Time: 3:21:21.851009
Loss:  8.946798324584961
Epoch:  1441/2000, Time: 3:21:28.776300
Epoch:  1442/2000, Time: 3:21:35.998737
Epoch:  1443/2000, Time: 3:21:43.017541
Epoch:  1444/2000, Time: 3:21:49.830977
Epoch:  1445/2000, Time: 3:21:56.591559
Epoch:  1446/2000, Time: 3:22:03.389536
Epoch:  1447/2000, Time: 3:22:10.403149
Epoch:  1448/2000, Time: 3:22:17.357398
Epoch:  1449/2000, Time: 3:22:24.464172
Epoch:  1450/2000, Time: 3:22:31.354386
Pruning anomalies!
Pruned 216 samples...
Number of samples:  311976
Loss:  9.09526538848877
Epoch:  1451/2000, Time: 3:23:48.713387
Epoch:  1452/2000, Time: 3:23:55.565824
Epoch:  1453/2000, Time: 3:24:02.501859
Epoch:  1454/2000, Time: 3:24:09.468580
Epoch:  1455/2000, Time: 3:24:16.039124
Epoch:  1456/2000, Time: 3:24:22.931837
Epoch:  1457/2000, Time: 3:24:29.919516
Epoch:  1458/2000, Time: 3:24:36.602507
Epoch:  1459/2000, Time: 3:24:43.539676
Epoch:  1460/2000, Time: 3:24:50.620058
Loss:  9.084989547729492
Epoch:  1461/2000, Time: 3:24:57.513152
Epoch:  1462/2000, Time: 3:25:04.547856
Epoch:  1463/2000, Time: 3:25:11.336150
Epoch:  1464/2000, Time: 3:25:18.509091
Epoch:  1465/2000, Time: 3:25:25.317597
Epoch:  1466/2000, Time: 3:25:32.177165
Epoch:  1467/2000, Time: 3:25:39.116151
Epoch:  1468/2000, Time: 3:25:45.889459
Epoch:  1469/2000, Time: 3:25:53.023558
Epoch:  1470/2000, Time: 3:25:59.920062
Loss:  9.081914901733398
Epoch:  1471/2000, Time: 3:26:06.671386
Epoch:  1472/2000, Time: 3:26:13.816146
Epoch:  1473/2000, Time: 3:26:20.539469
Epoch:  1474/2000, Time: 3:26:27.355279
Epoch:  1475/2000, Time: 3:26:34.302041
Epoch:  1476/2000, Time: 3:26:41.207320
Epoch:  1477/2000, Time: 3:26:48.295485
Epoch:  1478/2000, Time: 3:26:55.260984
Epoch:  1479/2000, Time: 3:27:01.927146
Epoch:  1480/2000, Time: 3:27:08.931377
Loss:  9.080096244812012
Epoch:  1481/2000, Time: 3:27:15.870928
Epoch:  1482/2000, Time: 3:27:22.961747
Epoch:  1483/2000, Time: 3:27:29.915106
Epoch:  1484/2000, Time: 3:27:36.943809
Epoch:  1485/2000, Time: 3:27:43.775487
Epoch:  1486/2000, Time: 3:27:50.641832
Epoch:  1487/2000, Time: 3:27:57.510258
Epoch:  1488/2000, Time: 3:28:04.389006
Epoch:  1489/2000, Time: 3:28:11.282176
Epoch:  1490/2000, Time: 3:28:18.443193
Loss:  9.075154304504395
Epoch:  1491/2000, Time: 3:28:25.140475
Epoch:  1492/2000, Time: 3:28:32.052992
Epoch:  1493/2000, Time: 3:28:39.016852
Epoch:  1494/2000, Time: 3:28:46.005483
Epoch:  1495/2000, Time: 3:28:52.926553
Epoch:  1496/2000, Time: 3:28:59.864358
Epoch:  1497/2000, Time: 3:29:06.877988
Epoch:  1498/2000, Time: 3:29:13.891205
Epoch:  1499/2000, Time: 3:29:20.726329
Epoch:  1500/2000, Time: 3:29:27.831509
Pruning anomalies!
Pruned 224 samples...
Number of samples:  311752
Loss:  9.66621208190918
Epoch:  1501/2000, Time: 3:30:45.687753
Epoch:  1502/2000, Time: 3:30:52.431005
Epoch:  1503/2000, Time: 3:30:59.333137
Epoch:  1504/2000, Time: 3:31:06.239720
Epoch:  1505/2000, Time: 3:31:12.935445
Epoch:  1506/2000, Time: 3:31:19.890477
Epoch:  1507/2000, Time: 3:31:26.838616
Epoch:  1508/2000, Time: 3:31:33.665287
Epoch:  1509/2000, Time: 3:31:40.376595
Epoch:  1510/2000, Time: 3:31:47.097177
Loss:  9.656648635864258
Epoch:  1511/2000, Time: 3:31:54.174068
Epoch:  1512/2000, Time: 3:32:01.088661
Epoch:  1513/2000, Time: 3:32:08.072718
Epoch:  1514/2000, Time: 3:32:14.987344
Epoch:  1515/2000, Time: 3:32:21.771593
Epoch:  1516/2000, Time: 3:32:28.599370
Epoch:  1517/2000, Time: 3:32:35.456334
Epoch:  1518/2000, Time: 3:32:42.049101
Epoch:  1519/2000, Time: 3:32:49.005265
Epoch:  1520/2000, Time: 3:32:56.012180
Loss:  9.645730018615723
Epoch:  1521/2000, Time: 3:33:02.975058
Epoch:  1522/2000, Time: 3:33:09.662830
Epoch:  1523/2000, Time: 3:33:16.763969
Epoch:  1524/2000, Time: 3:33:23.990985
Epoch:  1525/2000, Time: 3:33:30.707190
Epoch:  1526/2000, Time: 3:33:37.609186
Epoch:  1527/2000, Time: 3:33:44.283121
Epoch:  1528/2000, Time: 3:33:51.219775
Epoch:  1529/2000, Time: 3:33:58.048351
Epoch:  1530/2000, Time: 3:34:05.053221
Loss:  9.63939094543457
Epoch:  1531/2000, Time: 3:34:11.976536
Epoch:  1532/2000, Time: 3:34:18.822388
Epoch:  1533/2000, Time: 3:34:25.684387
Epoch:  1534/2000, Time: 3:34:32.560164
Epoch:  1535/2000, Time: 3:34:39.239483
Epoch:  1536/2000, Time: 3:34:46.250213
Epoch:  1537/2000, Time: 3:34:53.124307
Epoch:  1538/2000, Time: 3:34:59.991652
Epoch:  1539/2000, Time: 3:35:06.946189
Epoch:  1540/2000, Time: 3:35:13.969024
Loss:  9.660662651062012
Epoch:  1541/2000, Time: 3:35:20.659086
Epoch:  1542/2000, Time: 3:35:27.774176
Epoch:  1543/2000, Time: 3:35:34.475829
Epoch:  1544/2000, Time: 3:35:41.434887
Epoch:  1545/2000, Time: 3:35:48.246152
Epoch:  1546/2000, Time: 3:35:55.080363
Epoch:  1547/2000, Time: 3:36:02.174840
Epoch:  1548/2000, Time: 3:36:09.216135
Epoch:  1549/2000, Time: 3:36:16.161403
Epoch:  1550/2000, Time: 3:36:23.244813
Pruning anomalies!
Pruned 216 samples...
Number of samples:  311536
Loss:  9.883198738098145
Epoch:  1551/2000, Time: 3:37:41.292002
Epoch:  1552/2000, Time: 3:37:48.103147
Epoch:  1553/2000, Time: 3:37:54.961050
Epoch:  1554/2000, Time: 3:38:02.450590
Epoch:  1555/2000, Time: 3:38:09.205247
Epoch:  1556/2000, Time: 3:38:16.248106
Epoch:  1557/2000, Time: 3:38:22.931816
Epoch:  1558/2000, Time: 3:38:29.799117
Epoch:  1559/2000, Time: 3:38:36.860765
Epoch:  1560/2000, Time: 3:38:43.817003
Loss:  9.87901496887207
Epoch:  1561/2000, Time: 3:38:50.740656
Epoch:  1562/2000, Time: 3:38:57.421004
Epoch:  1563/2000, Time: 3:39:04.299489
Epoch:  1564/2000, Time: 3:39:11.261714
Epoch:  1565/2000, Time: 3:39:18.200182
Epoch:  1566/2000, Time: 3:39:25.035680
Epoch:  1567/2000, Time: 3:39:32.059593
Epoch:  1568/2000, Time: 3:39:39.394904
Epoch:  1569/2000, Time: 3:39:46.230734
Epoch:  1570/2000, Time: 3:39:53.173997
Loss:  10.870473861694336
Epoch:  1571/2000, Time: 3:40:00.107656
Epoch:  1572/2000, Time: 3:40:07.220432
Epoch:  1573/2000, Time: 3:40:14.935239
Epoch:  1574/2000, Time: 3:40:21.919445
Epoch:  1575/2000, Time: 3:40:28.629722
Epoch:  1576/2000, Time: 3:40:35.727675
Epoch:  1577/2000, Time: 3:40:42.730387
Epoch:  1578/2000, Time: 3:40:49.494782
Epoch:  1579/2000, Time: 3:40:56.336588
Epoch:  1580/2000, Time: 3:41:03.374342
Loss:  10.527961730957031
Epoch:  1581/2000, Time: 3:41:10.176195
Epoch:  1582/2000, Time: 3:41:17.249849
Epoch:  1583/2000, Time: 3:41:24.121294
Epoch:  1584/2000, Time: 3:41:30.995974
Epoch:  1585/2000, Time: 3:41:37.782624
Epoch:  1586/2000, Time: 3:41:44.876228
Epoch:  1587/2000, Time: 3:41:51.701626
Epoch:  1588/2000, Time: 3:41:58.487058
Epoch:  1589/2000, Time: 3:42:05.360078
Epoch:  1590/2000, Time: 3:42:12.458593
Loss:  10.337705612182617
Epoch:  1591/2000, Time: 3:42:19.282126
Epoch:  1592/2000, Time: 3:42:26.541722
Epoch:  1593/2000, Time: 3:42:33.677958
Epoch:  1594/2000, Time: 3:42:40.653015
Epoch:  1595/2000, Time: 3:42:47.437641
Epoch:  1596/2000, Time: 3:42:54.445236
Epoch:  1597/2000, Time: 3:43:01.147485
Epoch:  1598/2000, Time: 3:43:08.268311
Epoch:  1599/2000, Time: 3:43:15.366676
Epoch:  1600/2000, Time: 3:43:22.399388
Pruning anomalies!
Pruned 230 samples...
Number of samples:  311312
Loss:  1.1197035312652588
Epoch:  1601/2000, Time: 3:44:40.737533
Epoch:  1602/2000, Time: 3:44:47.622655
Epoch:  1603/2000, Time: 3:44:54.548205
Epoch:  1604/2000, Time: 3:45:01.457784
Epoch:  1605/2000, Time: 3:45:08.371735
Epoch:  1606/2000, Time: 3:45:15.260172
Epoch:  1607/2000, Time: 3:45:22.130235
Epoch:  1608/2000, Time: 3:45:28.894338
Epoch:  1609/2000, Time: 3:45:35.891458
Epoch:  1610/2000, Time: 3:45:42.800744
Loss:  0.9901794195175171
Epoch:  1611/2000, Time: 3:45:49.668072
Epoch:  1612/2000, Time: 3:45:56.925216
Epoch:  1613/2000, Time: 3:46:03.953195
Epoch:  1614/2000, Time: 3:46:10.892658
Epoch:  1615/2000, Time: 3:46:17.688213
Epoch:  1616/2000, Time: 3:46:24.738783
Epoch:  1617/2000, Time: 3:46:31.704972
Epoch:  1618/2000, Time: 3:46:38.631016
Epoch:  1619/2000, Time: 3:46:45.840534
Epoch:  1620/2000, Time: 3:46:52.563849
Loss:  0.960002601146698
Epoch:  1621/2000, Time: 3:46:59.715921
Epoch:  1622/2000, Time: 3:47:06.664107
Epoch:  1623/2000, Time: 3:47:13.818241
Epoch:  1624/2000, Time: 3:47:20.956288
Epoch:  1625/2000, Time: 3:47:27.871488
Epoch:  1626/2000, Time: 3:47:34.745278
Epoch:  1627/2000, Time: 3:47:41.660812
Epoch:  1628/2000, Time: 3:47:48.363629
Epoch:  1629/2000, Time: 3:47:55.465616
Epoch:  1630/2000, Time: 3:48:02.444801
Loss:  0.9147548675537109
Epoch:  1631/2000, Time: 3:48:09.035768
Epoch:  1632/2000, Time: 3:48:15.942947
Epoch:  1633/2000, Time: 3:48:22.794985
Epoch:  1634/2000, Time: 3:48:29.701463
Epoch:  1635/2000, Time: 3:48:36.639168
Epoch:  1636/2000, Time: 3:48:43.469132
Epoch:  1637/2000, Time: 3:48:50.541818
Epoch:  1638/2000, Time: 3:48:57.246030
Epoch:  1639/2000, Time: 3:49:04.071210
Epoch:  1640/2000, Time: 3:49:10.864646
Loss:  0.9781395792961121
Epoch:  1641/2000, Time: 3:49:18.368139
Epoch:  1642/2000, Time: 3:49:25.125332
Epoch:  1643/2000, Time: 3:49:32.127208
Epoch:  1644/2000, Time: 3:49:38.964895
Epoch:  1645/2000, Time: 3:49:45.767808
Epoch:  1646/2000, Time: 3:49:52.678231
Epoch:  1647/2000, Time: 3:49:59.602339
Epoch:  1648/2000, Time: 3:50:06.386968
Epoch:  1649/2000, Time: 3:50:13.320211
Epoch:  1650/2000, Time: 3:50:20.321949
Pruning anomalies!
Pruned 248 samples...
Number of samples:  311064
Loss:  10.36863899230957
Epoch:  1651/2000, Time: 3:51:38.609733
Epoch:  1652/2000, Time: 3:51:45.463547
Epoch:  1653/2000, Time: 3:51:52.659470
Epoch:  1654/2000, Time: 3:51:59.612778
Epoch:  1655/2000, Time: 3:52:06.245236
Epoch:  1656/2000, Time: 3:52:13.074727
Epoch:  1657/2000, Time: 3:52:19.778657
Epoch:  1658/2000, Time: 3:52:26.762631
Epoch:  1659/2000, Time: 3:52:33.753926
Epoch:  1660/2000, Time: 3:52:40.542414
Loss:  10.324339866638184
Epoch:  1661/2000, Time: 3:52:47.460930
Epoch:  1662/2000, Time: 3:52:54.316885
Epoch:  1663/2000, Time: 3:53:01.096247
Epoch:  1664/2000, Time: 3:53:08.023416
Epoch:  1665/2000, Time: 3:53:14.587838
Epoch:  1666/2000, Time: 3:53:21.453404
Epoch:  1667/2000, Time: 3:53:28.162878
Epoch:  1668/2000, Time: 3:53:35.305910
Epoch:  1669/2000, Time: 3:53:42.295207
Epoch:  1670/2000, Time: 3:53:49.211679
Loss:  10.283283233642578
Epoch:  1671/2000, Time: 3:53:56.124438
Epoch:  1672/2000, Time: 3:54:03.168687
Epoch:  1673/2000, Time: 3:54:10.026885
Epoch:  1674/2000, Time: 3:54:17.250539
Epoch:  1675/2000, Time: 3:54:24.264404
Epoch:  1676/2000, Time: 3:54:31.386730
Epoch:  1677/2000, Time: 3:54:38.024385
Epoch:  1678/2000, Time: 3:54:44.651944
Epoch:  1679/2000, Time: 3:54:51.251563
Epoch:  1680/2000, Time: 3:54:57.883623
Loss:  10.245908737182617
Epoch:  1681/2000, Time: 3:55:04.700017
Epoch:  1682/2000, Time: 3:55:11.945927
Epoch:  1683/2000, Time: 3:55:18.865755
Epoch:  1684/2000, Time: 3:55:25.696199
Epoch:  1685/2000, Time: 3:55:32.544008
Epoch:  1686/2000, Time: 3:55:39.496312
Epoch:  1687/2000, Time: 3:55:46.456320
Epoch:  1688/2000, Time: 3:55:53.422510
Epoch:  1689/2000, Time: 3:56:00.296268
Epoch:  1690/2000, Time: 3:56:06.955687
Loss:  10.249829292297363
Epoch:  1691/2000, Time: 3:56:13.825974
Epoch:  1692/2000, Time: 3:56:20.582759
Epoch:  1693/2000, Time: 3:56:27.474597
Epoch:  1694/2000, Time: 3:56:34.534897
Epoch:  1695/2000, Time: 3:56:41.527848
Epoch:  1696/2000, Time: 3:56:48.446344
Epoch:  1697/2000, Time: 3:56:55.290406
Epoch:  1698/2000, Time: 3:57:02.141879
Epoch:  1699/2000, Time: 3:57:09.382722
Epoch:  1700/2000, Time: 3:57:16.568175
Pruning anomalies!
Pruned 192 samples...
Number of samples:  310872
Loss:  9.346593856811523
Epoch:  1701/2000, Time: 3:58:33.305536
Epoch:  1702/2000, Time: 3:58:40.207702
Epoch:  1703/2000, Time: 3:58:47.093706
Epoch:  1704/2000, Time: 3:58:53.909742
Epoch:  1705/2000, Time: 3:59:00.794005
Epoch:  1706/2000, Time: 3:59:07.562931
Epoch:  1707/2000, Time: 3:59:14.668160
Epoch:  1708/2000, Time: 3:59:21.520200
Epoch:  1709/2000, Time: 3:59:28.518591
Epoch:  1710/2000, Time: 3:59:35.432536
Loss:  9.315836906433105
Epoch:  1711/2000, Time: 3:59:42.143435
Epoch:  1712/2000, Time: 3:59:48.998402
Epoch:  1713/2000, Time: 3:59:55.946982
Epoch:  1714/2000, Time: 4:00:02.808343
Epoch:  1715/2000, Time: 4:00:09.587131
Epoch:  1716/2000, Time: 4:00:16.560165
Epoch:  1717/2000, Time: 4:00:23.309714
Epoch:  1718/2000, Time: 4:00:30.196448
Epoch:  1719/2000, Time: 4:00:37.156365
Epoch:  1720/2000, Time: 4:00:43.987274
Loss:  9.285390853881836
Epoch:  1721/2000, Time: 4:00:51.015401
Epoch:  1722/2000, Time: 4:00:57.670337
Epoch:  1723/2000, Time: 4:01:04.680931
Epoch:  1724/2000, Time: 4:01:11.759706
Epoch:  1725/2000, Time: 4:01:18.516187
Epoch:  1726/2000, Time: 4:01:25.383867
Epoch:  1727/2000, Time: 4:01:32.275776
Epoch:  1728/2000, Time: 4:01:39.128970
Epoch:  1729/2000, Time: 4:01:45.919751
Epoch:  1730/2000, Time: 4:01:52.815722
Loss:  9.26300048828125
Epoch:  1731/2000, Time: 4:01:59.746256
Epoch:  1732/2000, Time: 4:02:06.574111
Epoch:  1733/2000, Time: 4:02:13.289723
Epoch:  1734/2000, Time: 4:02:20.330464
Epoch:  1735/2000, Time: 4:02:27.144357
Epoch:  1736/2000, Time: 4:02:34.171635
Epoch:  1737/2000, Time: 4:02:41.053340
Epoch:  1738/2000, Time: 4:02:47.979333
Epoch:  1739/2000, Time: 4:02:54.859031
Epoch:  1740/2000, Time: 4:03:01.795371
Loss:  9.239925384521484
Epoch:  1741/2000, Time: 4:03:08.804415
Epoch:  1742/2000, Time: 4:03:16.007473
Epoch:  1743/2000, Time: 4:03:23.016390
Epoch:  1744/2000, Time: 4:03:29.805001
Epoch:  1745/2000, Time: 4:03:36.602834
Epoch:  1746/2000, Time: 4:03:43.748195
Epoch:  1747/2000, Time: 4:03:50.467668
Epoch:  1748/2000, Time: 4:03:57.526953
Epoch:  1749/2000, Time: 4:04:04.420848
Epoch:  1750/2000, Time: 4:04:11.167113
Pruning anomalies!
Pruned 223 samples...
Number of samples:  310656
Loss:  10.249390602111816
Epoch:  1751/2000, Time: 4:05:28.696618
Epoch:  1752/2000, Time: 4:05:35.673227
Epoch:  1753/2000, Time: 4:05:42.459287
Epoch:  1754/2000, Time: 4:05:49.328747
Epoch:  1755/2000, Time: 4:05:56.156966
Epoch:  1756/2000, Time: 4:06:02.849789
Epoch:  1757/2000, Time: 4:06:09.881466
Epoch:  1758/2000, Time: 4:06:16.602918
Epoch:  1759/2000, Time: 4:06:23.547965
Epoch:  1760/2000, Time: 4:06:30.620158
Loss:  10.248407363891602
Epoch:  1761/2000, Time: 4:06:37.388632
Epoch:  1762/2000, Time: 4:06:44.340326
Epoch:  1763/2000, Time: 4:06:51.230309
Epoch:  1764/2000, Time: 4:06:58.021272
Epoch:  1765/2000, Time: 4:07:04.746838
Epoch:  1766/2000, Time: 4:07:11.845395
Epoch:  1767/2000, Time: 4:07:18.656915
Epoch:  1768/2000, Time: 4:07:25.594758
Epoch:  1769/2000, Time: 4:07:32.295776
Epoch:  1770/2000, Time: 4:07:39.069330
Loss:  10.230504989624023
Epoch:  1771/2000, Time: 4:07:45.826836
Epoch:  1772/2000, Time: 4:07:52.970221
Epoch:  1773/2000, Time: 4:07:59.826060
Epoch:  1774/2000, Time: 4:08:06.666311
Epoch:  1775/2000, Time: 4:08:13.612803
Epoch:  1776/2000, Time: 4:08:20.357393
Epoch:  1777/2000, Time: 4:08:27.396453
Epoch:  1778/2000, Time: 4:08:34.564356
Epoch:  1779/2000, Time: 4:08:41.425596
Epoch:  1780/2000, Time: 4:08:48.351157
Loss:  10.244590759277344
Epoch:  1781/2000, Time: 4:08:55.244564
Epoch:  1782/2000, Time: 4:09:01.912063
Epoch:  1783/2000, Time: 4:09:08.726492
Epoch:  1784/2000, Time: 4:09:15.907672
Epoch:  1785/2000, Time: 4:09:22.812630
Epoch:  1786/2000, Time: 4:09:29.560521
Epoch:  1787/2000, Time: 4:09:36.411091
Epoch:  1788/2000, Time: 4:09:43.441399
Epoch:  1789/2000, Time: 4:09:50.028752
Epoch:  1790/2000, Time: 4:09:56.999443
Loss:  10.188153266906738
Epoch:  1791/2000, Time: 4:10:03.821648
Epoch:  1792/2000, Time: 4:10:10.711391
Epoch:  1793/2000, Time: 4:10:17.858148
Epoch:  1794/2000, Time: 4:10:24.715852
Epoch:  1795/2000, Time: 4:10:31.674326
Epoch:  1796/2000, Time: 4:10:38.670433
Epoch:  1797/2000, Time: 4:10:45.692112
Epoch:  1798/2000, Time: 4:10:52.771983
Epoch:  1799/2000, Time: 4:10:59.604138
Epoch:  1800/2000, Time: 4:11:06.863870
Pruning anomalies!
Pruned 209 samples...
Number of samples:  310448
Loss:  9.400288581848145
Epoch:  1801/2000, Time: 4:12:25.663684
Epoch:  1802/2000, Time: 4:12:32.539441
Epoch:  1803/2000, Time: 4:12:39.719274
Epoch:  1804/2000, Time: 4:12:46.509634
Epoch:  1805/2000, Time: 4:12:53.506776
Epoch:  1806/2000, Time: 4:13:00.528425
Epoch:  1807/2000, Time: 4:13:07.285958
Epoch:  1808/2000, Time: 4:13:14.271841
Epoch:  1809/2000, Time: 4:13:21.331791
Epoch:  1810/2000, Time: 4:13:28.091670
Loss:  9.377206802368164
Epoch:  1811/2000, Time: 4:13:35.027562
Epoch:  1812/2000, Time: 4:13:42.006249
Epoch:  1813/2000, Time: 4:13:48.542628
Epoch:  1814/2000, Time: 4:13:55.555442
Epoch:  1815/2000, Time: 4:14:02.412867
Epoch:  1816/2000, Time: 4:14:09.590870
Epoch:  1817/2000, Time: 4:14:16.669779
Epoch:  1818/2000, Time: 4:14:23.556694
Epoch:  1819/2000, Time: 4:14:30.152167
Epoch:  1820/2000, Time: 4:14:37.276198
Loss:  9.374401092529297
Epoch:  1821/2000, Time: 4:14:44.328310
Epoch:  1822/2000, Time: 4:14:51.157639
Epoch:  1823/2000, Time: 4:14:58.003238
Epoch:  1824/2000, Time: 4:15:04.728260
Epoch:  1825/2000, Time: 4:15:11.796094
Epoch:  1826/2000, Time: 4:15:18.684700
Epoch:  1827/2000, Time: 4:15:25.415732
Epoch:  1828/2000, Time: 4:15:32.538208
Epoch:  1829/2000, Time: 4:15:39.434979
Epoch:  1830/2000, Time: 4:15:46.253623
Loss:  9.37755012512207
Epoch:  1831/2000, Time: 4:15:53.256151
Epoch:  1832/2000, Time: 4:16:00.247583
Epoch:  1833/2000, Time: 4:16:07.020122
Epoch:  1834/2000, Time: 4:16:13.810173
Epoch:  1835/2000, Time: 4:16:21.016562
Epoch:  1836/2000, Time: 4:16:27.838493
Epoch:  1837/2000, Time: 4:16:34.917216
Epoch:  1838/2000, Time: 4:16:42.020164
Epoch:  1839/2000, Time: 4:16:48.892157
Epoch:  1840/2000, Time: 4:16:55.671392
Loss:  9.370553016662598
Epoch:  1841/2000, Time: 4:17:02.644162
Epoch:  1842/2000, Time: 4:17:09.580235
Epoch:  1843/2000, Time: 4:17:16.541160
Epoch:  1844/2000, Time: 4:17:23.141411
Epoch:  1845/2000, Time: 4:17:30.054412
Epoch:  1846/2000, Time: 4:17:36.788777
Epoch:  1847/2000, Time: 4:17:43.559689
Epoch:  1848/2000, Time: 4:17:50.426254
Epoch:  1849/2000, Time: 4:17:57.704886
Epoch:  1850/2000, Time: 4:18:04.439425
Pruning anomalies!
Pruned 183 samples...
Number of samples:  310272
Loss:  9.234737396240234
Epoch:  1851/2000, Time: 4:19:22.281613
Epoch:  1852/2000, Time: 4:19:28.922982
Epoch:  1853/2000, Time: 4:19:36.010860
Epoch:  1854/2000, Time: 4:19:42.856044
Epoch:  1855/2000, Time: 4:19:49.725208
Epoch:  1856/2000, Time: 4:19:56.548275
Epoch:  1857/2000, Time: 4:20:03.409767
Epoch:  1858/2000, Time: 4:20:10.268134
Epoch:  1859/2000, Time: 4:20:17.320294
Epoch:  1860/2000, Time: 4:20:24.134403
Loss:  9.222548484802246
Epoch:  1861/2000, Time: 4:20:31.104301
Epoch:  1862/2000, Time: 4:20:38.112197
Epoch:  1863/2000, Time: 4:20:45.052675
Epoch:  1864/2000, Time: 4:20:51.977477
Epoch:  1865/2000, Time: 4:20:58.884236
Epoch:  1866/2000, Time: 4:21:05.865710
Epoch:  1867/2000, Time: 4:21:12.946517
Epoch:  1868/2000, Time: 4:21:19.657582
Epoch:  1869/2000, Time: 4:21:26.434565
Epoch:  1870/2000, Time: 4:21:33.684679
Loss:  9.198795318603516
Epoch:  1871/2000, Time: 4:21:40.822329
Epoch:  1872/2000, Time: 4:21:47.688602
Epoch:  1873/2000, Time: 4:21:54.396703
Epoch:  1874/2000, Time: 4:22:01.254099
Epoch:  1875/2000, Time: 4:22:08.088161
Epoch:  1876/2000, Time: 4:22:14.915345
Epoch:  1877/2000, Time: 4:22:21.776486
Epoch:  1878/2000, Time: 4:22:29.149873
Epoch:  1879/2000, Time: 4:22:35.832282
Epoch:  1880/2000, Time: 4:22:42.636824
Loss:  9.19896125793457
Epoch:  1881/2000, Time: 4:22:49.524096
Epoch:  1882/2000, Time: 4:22:56.300520
Epoch:  1883/2000, Time: 4:23:03.191219
Epoch:  1884/2000, Time: 4:23:10.422328
Epoch:  1885/2000, Time: 4:23:17.278532
Epoch:  1886/2000, Time: 4:23:23.950419
Epoch:  1887/2000, Time: 4:23:30.688172
Epoch:  1888/2000, Time: 4:23:37.660710
Epoch:  1889/2000, Time: 4:23:44.644603
Epoch:  1890/2000, Time: 4:23:51.475093
Loss:  9.202873229980469
Epoch:  1891/2000, Time: 4:23:58.711417
Epoch:  1892/2000, Time: 4:24:05.555878
Epoch:  1893/2000, Time: 4:24:12.499021
Epoch:  1894/2000, Time: 4:24:19.356673
Epoch:  1895/2000, Time: 4:24:26.413526
Epoch:  1896/2000, Time: 4:24:33.160690
Epoch:  1897/2000, Time: 4:24:39.821929
Epoch:  1898/2000, Time: 4:24:46.777007
Epoch:  1899/2000, Time: 4:24:53.548923
Epoch:  1900/2000, Time: 4:25:00.289474
Pruning anomalies!
Pruned 208 samples...
Number of samples:  310064
Loss:  11.22183609008789
Epoch:  1901/2000, Time: 4:26:19.701258
Epoch:  1902/2000, Time: 4:26:26.504019
Epoch:  1903/2000, Time: 4:26:33.304276
Epoch:  1904/2000, Time: 4:26:40.184335
Epoch:  1905/2000, Time: 4:26:47.003955
Epoch:  1906/2000, Time: 4:26:54.018657
Epoch:  1907/2000, Time: 4:27:00.880971
Epoch:  1908/2000, Time: 4:27:07.696238
Epoch:  1909/2000, Time: 4:27:14.474312
Epoch:  1910/2000, Time: 4:27:21.387181
Loss:  11.216272354125977
Epoch:  1911/2000, Time: 4:27:28.459943
Epoch:  1912/2000, Time: 4:27:35.370953
Epoch:  1913/2000, Time: 4:27:42.238328
Epoch:  1914/2000, Time: 4:27:49.042955
Epoch:  1915/2000, Time: 4:27:55.795429
Epoch:  1916/2000, Time: 4:28:02.731132
Epoch:  1917/2000, Time: 4:28:09.614589
Epoch:  1918/2000, Time: 4:28:16.504697
Epoch:  1919/2000, Time: 4:28:23.365023
Epoch:  1920/2000, Time: 4:28:30.008518
Loss:  11.178153991699219
Epoch:  1921/2000, Time: 4:28:37.007411
Epoch:  1922/2000, Time: 4:28:44.048350
Epoch:  1923/2000, Time: 4:28:50.701051
Epoch:  1924/2000, Time: 4:28:57.414219
Epoch:  1925/2000, Time: 4:29:04.670872
Epoch:  1926/2000, Time: 4:29:11.537225
Epoch:  1927/2000, Time: 4:29:18.296173
Epoch:  1928/2000, Time: 4:29:25.315800
Epoch:  1929/2000, Time: 4:29:32.323809
Epoch:  1930/2000, Time: 4:29:39.270152
Loss:  11.203636169433594
Epoch:  1931/2000, Time: 4:29:46.233980
Epoch:  1932/2000, Time: 4:29:53.020605
Epoch:  1933/2000, Time: 4:30:00.079518
Epoch:  1934/2000, Time: 4:30:07.082520
Epoch:  1935/2000, Time: 4:30:14.110134
Epoch:  1936/2000, Time: 4:30:21.256987
Epoch:  1937/2000, Time: 4:30:28.002899
Epoch:  1938/2000, Time: 4:30:34.980194
Epoch:  1939/2000, Time: 4:30:41.763954
Epoch:  1940/2000, Time: 4:30:48.382290
Loss:  11.208077430725098
Epoch:  1941/2000, Time: 4:30:55.486329
Epoch:  1942/2000, Time: 4:31:02.612192
Epoch:  1943/2000, Time: 4:31:09.473653
Epoch:  1944/2000, Time: 4:31:16.327840
Epoch:  1945/2000, Time: 4:31:23.276345
Epoch:  1946/2000, Time: 4:31:29.910913
Epoch:  1947/2000, Time: 4:31:36.952884
Epoch:  1948/2000, Time: 4:31:43.811758
Epoch:  1949/2000, Time: 4:31:50.724643
Epoch:  1950/2000, Time: 4:31:57.838514
Pruning anomalies!
Pruned 224 samples...
Number of samples:  309840
Loss:  9.290583610534668
Epoch:  1951/2000, Time: 4:33:14.473623
Epoch:  1952/2000, Time: 4:33:21.624619
Epoch:  1953/2000, Time: 4:33:28.384627
Epoch:  1954/2000, Time: 4:33:35.206431
Epoch:  1955/2000, Time: 4:33:42.278840
Epoch:  1956/2000, Time: 4:33:49.018734
Epoch:  1957/2000, Time: 4:33:55.997598
Epoch:  1958/2000, Time: 4:34:02.823956
Epoch:  1959/2000, Time: 4:34:09.767602
Epoch:  1960/2000, Time: 4:34:16.760273
Loss:  9.265568733215332
Epoch:  1961/2000, Time: 4:34:23.614162
Epoch:  1962/2000, Time: 4:34:30.637456
Epoch:  1963/2000, Time: 4:34:37.788304
Epoch:  1964/2000, Time: 4:34:44.549848
Epoch:  1965/2000, Time: 4:34:51.495285
Epoch:  1966/2000, Time: 4:34:58.419219
Epoch:  1967/2000, Time: 4:35:05.437609
Epoch:  1968/2000, Time: 4:35:12.068873
Epoch:  1969/2000, Time: 4:35:19.132202
Epoch:  1970/2000, Time: 4:35:25.664298
Loss:  9.283821105957031
Epoch:  1971/2000, Time: 4:35:32.440469
Epoch:  1972/2000, Time: 4:35:39.672948
Epoch:  1973/2000, Time: 4:35:46.765739
Epoch:  1974/2000, Time: 4:35:53.936943
Epoch:  1975/2000, Time: 4:36:00.742437
Epoch:  1976/2000, Time: 4:36:07.514922
Epoch:  1977/2000, Time: 4:36:14.259886
Epoch:  1978/2000, Time: 4:36:21.248432
Epoch:  1979/2000, Time: 4:36:28.100474
Epoch:  1980/2000, Time: 4:36:34.885648
Loss:  9.271384239196777
Epoch:  1981/2000, Time: 4:36:41.735439
Epoch:  1982/2000, Time: 4:36:48.688463
Epoch:  1983/2000, Time: 4:36:55.603480
Epoch:  1984/2000, Time: 4:37:02.571020
Epoch:  1985/2000, Time: 4:37:09.357906
Epoch:  1986/2000, Time: 4:37:16.324487
Epoch:  1987/2000, Time: 4:37:23.270170
Epoch:  1988/2000, Time: 4:37:30.391041
Epoch:  1989/2000, Time: 4:37:37.490545
Epoch:  1990/2000, Time: 4:37:44.394217
Loss:  9.257620811462402
Epoch:  1991/2000, Time: 4:37:51.183810
Epoch:  1992/2000, Time: 4:37:57.943902
Epoch:  1993/2000, Time: 4:38:04.673195
Epoch:  1994/2000, Time: 4:38:11.398198
Epoch:  1995/2000, Time: 4:38:18.665434
Epoch:  1996/2000, Time: 4:38:25.712198
Epoch:  1997/2000, Time: 4:38:32.515036
Epoch:  1998/2000, Time: 4:38:39.257682
Epoch:  1999/2000, Time: 4:38:46.213344
Epoch:  2000/2000, Time: 4:38:53.018100
Pruning anomalies!
Pruned 208 samples...
Number of samples:  309632
Loss:  8.783699989318848
Training is done.
*****************************************
Setting OMP_NUM_THREADS environment variable for each process to be 1 in default, to avoid your system being overloaded, please further tune the variable for optimal performance in your application as needed. 
*****************************************
